Using pre-set license

 COMMAND LINE ARGUMENTS:
/Applications/Unity/Hub/Editor/2020.3.15f2/Unity.app/Contents/MacOS/Unity
-adb2
-batchMode
-noUpm
-name
AssetImportWorker0
-projectPath
/Users/guoxuan/Game/SSRPG
-logFile
Logs/AssetImportWorker0.log
-srvPort
51111
Successfully changed project path to: /Users/guoxuan/Game/SSRPG
/Users/guoxuan/Game/SSRPG
Using Asset Import Pipeline V2.
Refreshing native plugins compatible for Editor in 41.83 ms, found 3 plugins.
Preloading 0 native plugins for Editor in 0.00 ms.
Initialize engine version: 2020.3.15f2 (6cf78cb77498)
[Subsystems] Discovering subsystems at path /Applications/Unity/Hub/Editor/2020.3.15f2/Unity.app/Contents/Resources/UnitySubsystems
[Subsystems] Discovering subsystems at path /Users/guoxuan/Game/SSRPG/Assets
GfxDevice: creating device client; threaded=0
2021-09-05 14:24:13.671 Unity[55719:2451530] (null) preferred device: Apple M1 (high power)
2021-09-05 14:24:13.671 Unity[55719:2451530] Metal devices available: 1
2021-09-05 14:24:13.671 Unity[55719:2451530] 0: Apple M1 (high power)
2021-09-05 14:24:13.671 Unity[55719:2451530] Using device Apple M1 (high power)
Initializing Metal device caps: Apple M1
Initialize mono
Mono path[0] = '/Applications/Unity/Hub/Editor/2020.3.15f2/Unity.app/Contents/Managed'
Mono path[1] = '/Applications/Unity/Hub/Editor/2020.3.15f2/Unity.app/Contents/MonoBleedingEdge/lib/mono/unityjit'
Mono config path = '/Applications/Unity/Hub/Editor/2020.3.15f2/Unity.app/Contents/MonoBleedingEdge/etc'
Using monoOptions --debugger-agent=transport=dt_socket,embedding=1,server=y,suspend=n,address=127.0.0.1:56719
Begin MonoManager ReloadAssembly
Registering precompiled unity dll's ...
Register platform support module: /Applications/Unity/Hub/Editor/2020.3.15f2/Unity.app/Contents/PlaybackEngines/MacStandaloneSupport/UnityEditor.OSXStandalone.Extensions.dll
Register platform support module: /Applications/Unity/Hub/Editor/2020.3.15f2/PlaybackEngines/WindowsStandaloneSupport/UnityEditor.WindowsStandalone.Extensions.dll
Registered in 0.001992 seconds.
Native extension for WindowsStandalone target not found
Native extension for OSXStandalone target not found
Refreshing native plugins compatible for Editor in 41.54 ms, found 3 plugins.
Preloading 0 native plugins for Editor in 0.00 ms.
Mono: successfully reloaded assembly
- Completed reload, in  1.950 seconds
Domain Reload Profiling:
	ReloadAssembly (1950ms)
		BeginReloadAssembly (110ms)
			ExecutionOrderSort (0ms)
			DisableScriptedObjects (0ms)
			BackupInstance (0ms)
			ReleaseScriptingObjects (0ms)
			CreateAndSetChildDomain (2ms)
		EndReloadAssembly (942ms)
			LoadAssemblies (108ms)
			RebuildTransferFunctionScriptingTraits (1ms)
			SetupTypeCache (196ms)
			ReleaseScriptCaches (0ms)
			RebuildScriptCaches (43ms)
			SetupLoadedEditorAssemblies (547ms)
				LogAssemblyErrors (0ms)
				InitializePlatformSupportModulesInManaged (11ms)
				SetLoadedEditorAssemblies (1ms)
				RefreshPlugins (42ms)
				BeforeProcessingInitializeOnLoad (78ms)
				ProcessInitializeOnLoadAttributes (308ms)
				ProcessInitializeOnLoadMethodAttributes (106ms)
				AfterProcessingInitializeOnLoad (0ms)
				EditorAssembliesLoaded (1ms)
			ExecutionOrderSort2 (0ms)
			AwakeInstancesAfterBackupRestoration (0ms)
Platform modules already initialized, skipping
Registering precompiled user dll's ...
Registered in 0.003717 seconds.
Begin MonoManager ReloadAssembly
Native extension for WindowsStandalone target not found
Native extension for OSXStandalone target not found
Refreshing native plugins compatible for Editor in 45.23 ms, found 3 plugins.
Preloading 0 native plugins for Editor in 0.00 ms.
Mono: successfully reloaded assembly
- Completed reload, in  2.698 seconds
Domain Reload Profiling:
	ReloadAssembly (2700ms)
		BeginReloadAssembly (311ms)
			ExecutionOrderSort (0ms)
			DisableScriptedObjects (73ms)
			BackupInstance (0ms)
			ReleaseScriptingObjects (0ms)
			CreateAndSetChildDomain (40ms)
		EndReloadAssembly (2297ms)
			LoadAssemblies (197ms)
			RebuildTransferFunctionScriptingTraits (0ms)
			SetupTypeCache (375ms)
			ReleaseScriptCaches (0ms)
			RebuildScriptCaches (61ms)
			SetupLoadedEditorAssemblies (1317ms)
				LogAssemblyErrors (0ms)
				InitializePlatformSupportModulesInManaged (21ms)
				SetLoadedEditorAssemblies (1ms)
				RefreshPlugins (45ms)
				BeforeProcessingInitializeOnLoad (164ms)
				ProcessInitializeOnLoadAttributes (1006ms)
				ProcessInitializeOnLoadMethodAttributes (80ms)
				AfterProcessingInitializeOnLoad (1ms)
				EditorAssembliesLoaded (0ms)
			ExecutionOrderSort2 (0ms)
			AwakeInstancesAfterBackupRestoration (33ms)
Platform modules already initialized, skipping
========================================================================
Worker process is ready to serve import requests
Launching external process: /Applications/Unity/Hub/Editor/2020.3.15f2/Unity.app/Contents/Tools/UnityShaderCompiler
Launched and connected shader compiler UnityShaderCompiler after 0.04 seconds
Refreshing native plugins compatible for Editor in 0.43 ms, found 3 plugins.
Preloading 0 native plugins for Editor in 0.00 ms.
Unloading 2436 Unused Serialized files (Serialized files now loaded: 0)
System memory in use before: 187.2 MB.
System memory in use after: 187.2 MB.

Unloading 35 unused Assets to reduce memory usage. Loaded Objects now: 2867.
Total: 3.405792 ms (FindLiveObjects: 0.187584 ms CreateObjectMapping: 0.049000 ms MarkObjects: 3.036000 ms  DeleteObjects: 0.131250 ms)

AssetImportParameters requested are different than current active one (requested -> active):
  custom:video-decoder-ogg-theora: a1e56fd34408186e4bbccfd4996cb3dc -> 
  custom:container-muxer-webm: aa71ff27fc2769a1b78a27578f13a17b -> 
  custom:container-demuxer-webm: 4f35f7cbe854078d1ac9338744f61a02 -> 
  custom:container-demuxer-ogg: 62fdf1f143b41e24485cea50d1cbac27 -> 
  custom:video-encoder-webm-vp8: eb34c28f22e8b96e1ab97ce403110664 -> 
  custom:framework-osx-AVFoundation: e770b220cccbd017edd2c1fefb359320 -> 
  custom:video-decoder-webm-vp8: 9c59270c3fd7afecdb556c50c9e8de78 -> 
  custom:audio-decoder-ogg-vorbis: bf7c407c2cedff20999df2af8eb42d56 -> 
  custom:audio-encoder-webm-vorbis: bf7c407c2cedff20999df2af8eb42d56 -> 
========================================================================
Received Import Request.
  path: Assets/GameMain/Scripts/UI
  artifactKey: Guid(e26001fa7c288435d8794c00f68e4d71) Importer(815301076,1909f56bfc062723c751e8b465ee728b)
Start importing Assets/GameMain/Scripts/UI using Guid(e26001fa7c288435d8794c00f68e4d71) Importer(815301076,1909f56bfc062723c751e8b465ee728b)  -> (artifact id: '90e9f0cc6485a9d9bf03b5d32f4eb19a') in 0.007634 seconds 
  Import took 0.011289 seconds .

========================================================================
Received Import Request.
  Time since last request: 121.398860 seconds.
  path: Assets/GameMain/Scripts/UI/UIFormId.cs
  artifactKey: Guid(16b63e92811fb4133a7cb5c77ee1739f) Importer(815301076,1909f56bfc062723c751e8b465ee728b)
Start importing Assets/GameMain/Scripts/UI/UIFormId.cs using Guid(16b63e92811fb4133a7cb5c77ee1739f) Importer(815301076,1909f56bfc062723c751e8b465ee728b)  -> (artifact id: 'b8fee74211b3b2f9dd2937e37cbf8493') in 0.383817 seconds 
  Import took 0.398360 seconds .

========================================================================
Received Import Request.
  Time since last request: 2.055047 seconds.
  path: Assets/GameMain/Scripts/UI/UIExtension.cs
  artifactKey: Guid(184c2cdf2a55c4aaa9f19096ac84e1e0) Importer(815301076,1909f56bfc062723c751e8b465ee728b)
Start importing Assets/GameMain/Scripts/UI/UIExtension.cs using Guid(184c2cdf2a55c4aaa9f19096ac84e1e0) Importer(815301076,1909f56bfc062723c751e8b465ee728b)  -> (artifact id: '7c5b4c24e5d38c68bce9e85acc07cf7d') in 0.003063 seconds 
  Import took 0.009839 seconds .

========================================================================
Received Import Request.
  Time since last request: 0.007549 seconds.
  path: Assets/GameMain/Scripts/UI/UIExtension.cs
  artifactKey: Guid(184c2cdf2a55c4aaa9f19096ac84e1e0) Importer(815301076,1909f56bfc062723c751e8b465ee728b)
Start importing Assets/GameMain/Scripts/UI/UIExtension.cs using Guid(184c2cdf2a55c4aaa9f19096ac84e1e0) Importer(815301076,1909f56bfc062723c751e8b465ee728b)  -> (artifact id: '7c5b4c24e5d38c68bce9e85acc07cf7d') in 0.000965 seconds 
  Import took 0.004854 seconds .

========================================================================
Received Import Request.
  Time since last request: 1.077524 seconds.
  path: Assets/GameMain/Scripts/UI/UGuiForm.cs
  artifactKey: Guid(1f2df1a681c964460937e2c05c236628) Importer(815301076,1909f56bfc062723c751e8b465ee728b)
Start importing Assets/GameMain/Scripts/UI/UGuiForm.cs using Guid(1f2df1a681c964460937e2c05c236628) Importer(815301076,1909f56bfc062723c751e8b465ee728b)  -> (artifact id: '3791387d646a6227623f162d70ce7fc6') in 0.001808 seconds 
  Import took 0.007664 seconds .

========================================================================
Received Import Request.
  Time since last request: 0.003872 seconds.
  path: Assets/GameMain/Scripts/UI/UGuiForm.cs
  artifactKey: Guid(1f2df1a681c964460937e2c05c236628) Importer(815301076,1909f56bfc062723c751e8b465ee728b)
Start importing Assets/GameMain/Scripts/UI/UGuiForm.cs using Guid(1f2df1a681c964460937e2c05c236628) Importer(815301076,1909f56bfc062723c751e8b465ee728b)  -> (artifact id: '3791387d646a6227623f162d70ce7fc6') in 0.001096 seconds 
  Import took 0.005554 seconds .

========================================================================
Received Import Request.
  Time since last request: 0.717493 seconds.
  path: Assets/GameMain/Scripts/UI/DialogParams.cs
  artifactKey: Guid(4fb097dbe9a744eff8e5fb40dbcf0774) Importer(815301076,1909f56bfc062723c751e8b465ee728b)
Start importing Assets/GameMain/Scripts/UI/DialogParams.cs using Guid(4fb097dbe9a744eff8e5fb40dbcf0774) Importer(815301076,1909f56bfc062723c751e8b465ee728b)  -> (artifact id: 'ad50a037cf77b32dc003833afc3d3771') in 0.001417 seconds 
  Import took 0.006259 seconds .

========================================================================
Received Import Request.
  Time since last request: 0.008353 seconds.
  path: Assets/GameMain/Scripts/UI/DialogParams.cs
  artifactKey: Guid(4fb097dbe9a744eff8e5fb40dbcf0774) Importer(815301076,1909f56bfc062723c751e8b465ee728b)
Start importing Assets/GameMain/Scripts/UI/DialogParams.cs using Guid(4fb097dbe9a744eff8e5fb40dbcf0774) Importer(815301076,1909f56bfc062723c751e8b465ee728b)  -> (artifact id: 'ad50a037cf77b32dc003833afc3d3771') in 0.000989 seconds 
  Import took 0.004431 seconds .

========================================================================
Received Import Request.
  Time since last request: 44.177702 seconds.
  path: Assets/GameMain/Scripts/UI/UIExtension.cs
  artifactKey: Guid(184c2cdf2a55c4aaa9f19096ac84e1e0) Importer(815301076,1909f56bfc062723c751e8b465ee728b)
Start importing Assets/GameMain/Scripts/UI/UIExtension.cs using Guid(184c2cdf2a55c4aaa9f19096ac84e1e0) Importer(815301076,1909f56bfc062723c751e8b465ee728b)  -> (artifact id: 'edf39c4329630d8a5909f379d0ac4082') in 0.003761 seconds 
  Import took 0.029756 seconds .

========================================================================
Received Import Request.
  Time since last request: 4189.408625 seconds.
  path: Assets/GameMain/Scripts/UI/UIFormId.cs
  artifactKey: Guid(16b63e92811fb4133a7cb5c77ee1739f) Importer(815301076,1909f56bfc062723c751e8b465ee728b)
Start importing Assets/GameMain/Scripts/UI/UIFormId.cs using Guid(16b63e92811fb4133a7cb5c77ee1739f) Importer(815301076,1909f56bfc062723c751e8b465ee728b)  -> (artifact id: '2de1dd82c19f2c72a989b7fdde715b2f') in 0.007463 seconds 
  Import took 0.030326 seconds .

========================================================================
Received Prepare
Registering precompiled user dll's ...
Registered in 0.002570 seconds.
Begin MonoManager ReloadAssembly
Native extension for WindowsStandalone target not found
Native extension for OSXStandalone target not found
Refreshing native plugins compatible for Editor in 0.47 ms, found 3 plugins.
Preloading 0 native plugins for Editor in 0.00 ms.
Mono: successfully reloaded assembly
- Completed reload, in  2.564 seconds
Domain Reload Profiling:
	ReloadAssembly (2570ms)
		BeginReloadAssembly (276ms)
			ExecutionOrderSort (0ms)
			DisableScriptedObjects (38ms)
			BackupInstance (0ms)
			ReleaseScriptingObjects (0ms)
			CreateAndSetChildDomain (118ms)
		EndReloadAssembly (2191ms)
			LoadAssemblies (201ms)
			RebuildTransferFunctionScriptingTraits (0ms)
			SetupTypeCache (396ms)
			ReleaseScriptCaches (1ms)
			RebuildScriptCaches (57ms)
			SetupLoadedEditorAssemblies (1233ms)
				LogAssemblyErrors (0ms)
				InitializePlatformSupportModulesInManaged (15ms)
				SetLoadedEditorAssemblies (2ms)
				RefreshPlugins (0ms)
				BeforeProcessingInitializeOnLoad (193ms)
				ProcessInitializeOnLoadAttributes (1000ms)
				ProcessInitializeOnLoadMethodAttributes (22ms)
				AfterProcessingInitializeOnLoad (1ms)
				EditorAssembliesLoaded (0ms)
			ExecutionOrderSort2 (0ms)
			AwakeInstancesAfterBackupRestoration (43ms)
Platform modules already initialized, skipping
Refreshing native plugins compatible for Editor in 0.42 ms, found 3 plugins.
Preloading 0 native plugins for Editor in 0.00 ms.
Unloading 2432 Unused Serialized files (Serialized files now loaded: 0)
System memory in use before: 191.7 MB.
System memory in use after: 191.8 MB.

Unloading 23 unused Assets to reduce memory usage. Loaded Objects now: 2871.
Total: 2.779416 ms (FindLiveObjects: 0.162666 ms CreateObjectMapping: 0.049042 ms MarkObjects: 2.455750 ms  DeleteObjects: 0.109666 ms)

AssetImportParameters requested are different than current active one (requested -> active):
  custom:video-decoder-ogg-theora: a1e56fd34408186e4bbccfd4996cb3dc -> 
  custom:container-muxer-webm: aa71ff27fc2769a1b78a27578f13a17b -> 
  custom:container-demuxer-webm: 4f35f7cbe854078d1ac9338744f61a02 -> 
  custom:container-demuxer-ogg: 62fdf1f143b41e24485cea50d1cbac27 -> 
  custom:video-encoder-webm-vp8: eb34c28f22e8b96e1ab97ce403110664 -> 
  custom:framework-osx-AVFoundation: e770b220cccbd017edd2c1fefb359320 -> 
  custom:video-decoder-webm-vp8: 9c59270c3fd7afecdb556c50c9e8de78 -> 
  custom:audio-decoder-ogg-vorbis: bf7c407c2cedff20999df2af8eb42d56 -> 
  custom:audio-encoder-webm-vorbis: bf7c407c2cedff20999df2af8eb42d56 -> 
========================================================================
Received Import Request.
  Time since last request: 107.630732 seconds.
  path: Assets/GameMain/Scripts/UI/UGuiForm.cs
  artifactKey: Guid(1f2df1a681c964460937e2c05c236628) Importer(815301076,1909f56bfc062723c751e8b465ee728b)
Start importing Assets/GameMain/Scripts/UI/UGuiForm.cs using Guid(1f2df1a681c964460937e2c05c236628) Importer(815301076,1909f56bfc062723c751e8b465ee728b)  -> (artifact id: '339a5c3b0e3a3aa66938464bc0fb7de4') in 0.011397 seconds 
  Import took 0.023706 seconds .

========================================================================
Received Import Request.
  Time since last request: 0.011806 seconds.
  path: Assets/GameMain/Scripts/UI/UGuiForm.cs
  artifactKey: Guid(1f2df1a681c964460937e2c05c236628) Importer(815301076,1909f56bfc062723c751e8b465ee728b)
Start importing Assets/GameMain/Scripts/UI/UGuiForm.cs using Guid(1f2df1a681c964460937e2c05c236628) Importer(815301076,1909f56bfc062723c751e8b465ee728b)  -> (artifact id: '339a5c3b0e3a3aa66938464bc0fb7de4') in 0.000912 seconds 
  Import took 0.004157 seconds .

========================================================================
Received Prepare
Registering precompiled user dll's ...
Registered in 0.003843 seconds.
Begin MonoManager ReloadAssembly
Native extension for WindowsStandalone target not found
Native extension for OSXStandalone target not found
Refreshing native plugins compatible for Editor in 0.49 ms, found 3 plugins.
Preloading 0 native plugins for Editor in 0.00 ms.
Mono: successfully reloaded assembly
- Completed reload, in  2.774 seconds
Domain Reload Profiling:
	ReloadAssembly (2781ms)
		BeginReloadAssembly (320ms)
			ExecutionOrderSort (0ms)
			DisableScriptedObjects (54ms)
			BackupInstance (0ms)
			ReleaseScriptingObjects (0ms)
			CreateAndSetChildDomain (127ms)
		EndReloadAssembly (2349ms)
			LoadAssemblies (239ms)
			RebuildTransferFunctionScriptingTraits (0ms)
			SetupTypeCache (413ms)
			ReleaseScriptCaches (1ms)
			RebuildScriptCaches (57ms)
			SetupLoadedEditorAssemblies (1312ms)
				LogAssemblyErrors (0ms)
				InitializePlatformSupportModulesInManaged (17ms)
				SetLoadedEditorAssemblies (2ms)
				RefreshPlugins (1ms)
				BeforeProcessingInitializeOnLoad (212ms)
				ProcessInitializeOnLoadAttributes (1056ms)
				ProcessInitializeOnLoadMethodAttributes (23ms)
				AfterProcessingInitializeOnLoad (1ms)
				EditorAssembliesLoaded (0ms)
			ExecutionOrderSort2 (0ms)
			AwakeInstancesAfterBackupRestoration (42ms)
Platform modules already initialized, skipping
Refreshing native plugins compatible for Editor in 0.37 ms, found 3 plugins.
Preloading 0 native plugins for Editor in 0.00 ms.
Unloading 2433 Unused Serialized files (Serialized files now loaded: 0)
System memory in use before: 192.0 MB.
System memory in use after: 192.1 MB.

Unloading 23 unused Assets to reduce memory usage. Loaded Objects now: 2875.
Total: 2.142875 ms (FindLiveObjects: 0.149833 ms CreateObjectMapping: 0.048417 ms MarkObjects: 1.821166 ms  DeleteObjects: 0.122500 ms)

AssetImportParameters requested are different than current active one (requested -> active):
  custom:video-decoder-ogg-theora: a1e56fd34408186e4bbccfd4996cb3dc -> 
  custom:container-muxer-webm: aa71ff27fc2769a1b78a27578f13a17b -> 
  custom:container-demuxer-webm: 4f35f7cbe854078d1ac9338744f61a02 -> 
  custom:container-demuxer-ogg: 62fdf1f143b41e24485cea50d1cbac27 -> 
  custom:video-encoder-webm-vp8: eb34c28f22e8b96e1ab97ce403110664 -> 
  custom:framework-osx-AVFoundation: e770b220cccbd017edd2c1fefb359320 -> 
  custom:video-decoder-webm-vp8: 9c59270c3fd7afecdb556c50c9e8de78 -> 
  custom:audio-decoder-ogg-vorbis: bf7c407c2cedff20999df2af8eb42d56 -> 
  custom:audio-encoder-webm-vorbis: bf7c407c2cedff20999df2af8eb42d56 -> 
========================================================================
Received Import Request.
  Time since last request: 733.261233 seconds.
  path: Assets/GameMain/Scripts/UI/UIExtension.cs
  artifactKey: Guid(184c2cdf2a55c4aaa9f19096ac84e1e0) Importer(815301076,1909f56bfc062723c751e8b465ee728b)
Start importing Assets/GameMain/Scripts/UI/UIExtension.cs using Guid(184c2cdf2a55c4aaa9f19096ac84e1e0) Importer(815301076,1909f56bfc062723c751e8b465ee728b)  -> (artifact id: 'c831dfccb0f2b4a4fb977861d79264e6') in 0.006720 seconds 
  Import took 0.009726 seconds .

========================================================================
Received Prepare
Registering precompiled user dll's ...
Registered in 0.002649 seconds.
Begin MonoManager ReloadAssembly
Native extension for WindowsStandalone target not found
Native extension for OSXStandalone target not found
Refreshing native plugins compatible for Editor in 0.48 ms, found 3 plugins.
Preloading 0 native plugins for Editor in 0.00 ms.
Mono: successfully reloaded assembly
- Completed reload, in  2.706 seconds
Domain Reload Profiling:
	ReloadAssembly (2707ms)
		BeginReloadAssembly (290ms)
			ExecutionOrderSort (0ms)
			DisableScriptedObjects (51ms)
			BackupInstance (0ms)
			ReleaseScriptingObjects (0ms)
			CreateAndSetChildDomain (113ms)
		EndReloadAssembly (2312ms)
			LoadAssemblies (214ms)
			RebuildTransferFunctionScriptingTraits (0ms)
			SetupTypeCache (420ms)
			ReleaseScriptCaches (1ms)
			RebuildScriptCaches (57ms)
			SetupLoadedEditorAssemblies (1313ms)
				LogAssemblyErrors (0ms)
				InitializePlatformSupportModulesInManaged (18ms)
				SetLoadedEditorAssemblies (2ms)
				RefreshPlugins (1ms)
				BeforeProcessingInitializeOnLoad (195ms)
				ProcessInitializeOnLoadAttributes (1074ms)
				ProcessInitializeOnLoadMethodAttributes (22ms)
				AfterProcessingInitializeOnLoad (1ms)
				EditorAssembliesLoaded (0ms)
			ExecutionOrderSort2 (0ms)
			AwakeInstancesAfterBackupRestoration (44ms)
Platform modules already initialized, skipping
Refreshing native plugins compatible for Editor in 0.37 ms, found 3 plugins.
Preloading 0 native plugins for Editor in 0.00 ms.
Unloading 2433 Unused Serialized files (Serialized files now loaded: 0)
System memory in use before: 192.2 MB.
System memory in use after: 192.3 MB.

Unloading 23 unused Assets to reduce memory usage. Loaded Objects now: 2878.
Total: 1.719583 ms (FindLiveObjects: 0.149542 ms CreateObjectMapping: 0.047500 ms MarkObjects: 1.411042 ms  DeleteObjects: 0.110417 ms)

AssetImportParameters requested are different than current active one (requested -> active):
  custom:video-decoder-ogg-theora: a1e56fd34408186e4bbccfd4996cb3dc -> 
  custom:container-muxer-webm: aa71ff27fc2769a1b78a27578f13a17b -> 
  custom:container-demuxer-webm: 4f35f7cbe854078d1ac9338744f61a02 -> 
  custom:container-demuxer-ogg: 62fdf1f143b41e24485cea50d1cbac27 -> 
  custom:video-encoder-webm-vp8: eb34c28f22e8b96e1ab97ce403110664 -> 
  custom:framework-osx-AVFoundation: e770b220cccbd017edd2c1fefb359320 -> 
  custom:video-decoder-webm-vp8: 9c59270c3fd7afecdb556c50c9e8de78 -> 
  custom:audio-decoder-ogg-vorbis: bf7c407c2cedff20999df2af8eb42d56 -> 
  custom:audio-encoder-webm-vorbis: bf7c407c2cedff20999df2af8eb42d56 -> 
========================================================================
Received Prepare
Registering precompiled user dll's ...
Registered in 0.002701 seconds.
Begin MonoManager ReloadAssembly
Native extension for WindowsStandalone target not found
Native extension for OSXStandalone target not found
Refreshing native plugins compatible for Editor in 0.43 ms, found 3 plugins.
Preloading 0 native plugins for Editor in 0.00 ms.
Mono: successfully reloaded assembly
- Completed reload, in  2.773 seconds
Domain Reload Profiling:
	ReloadAssembly (2777ms)
		BeginReloadAssembly (284ms)
			ExecutionOrderSort (0ms)
			DisableScriptedObjects (45ms)
			BackupInstance (0ms)
			ReleaseScriptingObjects (0ms)
			CreateAndSetChildDomain (117ms)
		EndReloadAssembly (2387ms)
			LoadAssemblies (232ms)
			RebuildTransferFunctionScriptingTraits (0ms)
			SetupTypeCache (393ms)
			ReleaseScriptCaches (1ms)
			RebuildScriptCaches (58ms)
			SetupLoadedEditorAssemblies (1360ms)
				LogAssemblyErrors (0ms)
				InitializePlatformSupportModulesInManaged (15ms)
				SetLoadedEditorAssemblies (2ms)
				RefreshPlugins (0ms)
				BeforeProcessingInitializeOnLoad (257ms)
				ProcessInitializeOnLoadAttributes (1061ms)
				ProcessInitializeOnLoadMethodAttributes (23ms)
				AfterProcessingInitializeOnLoad (1ms)
				EditorAssembliesLoaded (0ms)
			ExecutionOrderSort2 (0ms)
			AwakeInstancesAfterBackupRestoration (53ms)
Platform modules already initialized, skipping
Refreshing native plugins compatible for Editor in 0.44 ms, found 3 plugins.
Preloading 0 native plugins for Editor in 0.00 ms.
Unloading 2433 Unused Serialized files (Serialized files now loaded: 0)
System memory in use before: 192.5 MB.
System memory in use after: 192.5 MB.

Unloading 23 unused Assets to reduce memory usage. Loaded Objects now: 2881.
Total: 1.936958 ms (FindLiveObjects: 0.189291 ms CreateObjectMapping: 0.050292 ms MarkObjects: 1.574125 ms  DeleteObjects: 0.122167 ms)

AssetImportParameters requested are different than current active one (requested -> active):
  custom:video-decoder-ogg-theora: a1e56fd34408186e4bbccfd4996cb3dc -> 
  custom:container-muxer-webm: aa71ff27fc2769a1b78a27578f13a17b -> 
  custom:container-demuxer-webm: 4f35f7cbe854078d1ac9338744f61a02 -> 
  custom:container-demuxer-ogg: 62fdf1f143b41e24485cea50d1cbac27 -> 
  custom:video-encoder-webm-vp8: eb34c28f22e8b96e1ab97ce403110664 -> 
  custom:framework-osx-AVFoundation: e770b220cccbd017edd2c1fefb359320 -> 
  custom:video-decoder-webm-vp8: 9c59270c3fd7afecdb556c50c9e8de78 -> 
  custom:audio-decoder-ogg-vorbis: bf7c407c2cedff20999df2af8eb42d56 -> 
  custom:audio-encoder-webm-vorbis: bf7c407c2cedff20999df2af8eb42d56 -> 
========================================================================
Received Import Request.
  Time since last request: 857.111047 seconds.
  path: Assets/GameMain/Scripts/UI/Me.cs
  artifactKey: Guid(8f2ea4d82579343eb8d30e98de4094e0) Importer(815301076,1909f56bfc062723c751e8b465ee728b)
Start importing Assets/GameMain/Scripts/UI/Me.cs using Guid(8f2ea4d82579343eb8d30e98de4094e0) Importer(815301076,1909f56bfc062723c751e8b465ee728b)  -> (artifact id: '098283fcee4057d0d0c7bf1396722892') in 0.014193 seconds 
  Import took 0.022105 seconds .

========================================================================
Received Prepare
Registering precompiled user dll's ...
Registered in 0.006249 seconds.
Begin MonoManager ReloadAssembly
Native extension for WindowsStandalone target not found
Native extension for OSXStandalone target not found
Refreshing native plugins compatible for Editor in 0.73 ms, found 3 plugins.
Preloading 0 native plugins for Editor in 0.00 ms.
Mono: successfully reloaded assembly
- Completed reload, in  2.625 seconds
Domain Reload Profiling:
	ReloadAssembly (2627ms)
		BeginReloadAssembly (279ms)
			ExecutionOrderSort (0ms)
			DisableScriptedObjects (42ms)
			BackupInstance (0ms)
			ReleaseScriptingObjects (0ms)
			CreateAndSetChildDomain (112ms)
		EndReloadAssembly (2233ms)
			LoadAssemblies (237ms)
			RebuildTransferFunctionScriptingTraits (0ms)
			SetupTypeCache (406ms)
			ReleaseScriptCaches (3ms)
			RebuildScriptCaches (57ms)
			SetupLoadedEditorAssemblies (1253ms)
				LogAssemblyErrors (0ms)
				InitializePlatformSupportModulesInManaged (17ms)
				SetLoadedEditorAssemblies (2ms)
				RefreshPlugins (1ms)
				BeforeProcessingInitializeOnLoad (195ms)
				ProcessInitializeOnLoadAttributes (1015ms)
				ProcessInitializeOnLoadMethodAttributes (23ms)
				AfterProcessingInitializeOnLoad (1ms)
				EditorAssembliesLoaded (0ms)
			ExecutionOrderSort2 (0ms)
			AwakeInstancesAfterBackupRestoration (46ms)
Platform modules already initialized, skipping
Refreshing native plugins compatible for Editor in 0.34 ms, found 3 plugins.
Preloading 0 native plugins for Editor in 0.00 ms.
Unloading 2433 Unused Serialized files (Serialized files now loaded: 0)
System memory in use before: 192.6 MB.
System memory in use after: 192.7 MB.

Unloading 23 unused Assets to reduce memory usage. Loaded Objects now: 2884.
Total: 1.814333 ms (FindLiveObjects: 0.166541 ms CreateObjectMapping: 0.060709 ms MarkObjects: 1.466083 ms  DeleteObjects: 0.120250 ms)

AssetImportParameters requested are different than current active one (requested -> active):
  custom:video-decoder-ogg-theora: a1e56fd34408186e4bbccfd4996cb3dc -> 
  custom:container-muxer-webm: aa71ff27fc2769a1b78a27578f13a17b -> 
  custom:container-demuxer-webm: 4f35f7cbe854078d1ac9338744f61a02 -> 
  custom:container-demuxer-ogg: 62fdf1f143b41e24485cea50d1cbac27 -> 
  custom:video-encoder-webm-vp8: eb34c28f22e8b96e1ab97ce403110664 -> 
  custom:framework-osx-AVFoundation: e770b220cccbd017edd2c1fefb359320 -> 
  custom:video-decoder-webm-vp8: 9c59270c3fd7afecdb556c50c9e8de78 -> 
  custom:audio-decoder-ogg-vorbis: bf7c407c2cedff20999df2af8eb42d56 -> 
  custom:audio-encoder-webm-vorbis: bf7c407c2cedff20999df2af8eb42d56 -> 
========================================================================
Received Import Request.
  Time since last request: 13.203888 seconds.
  path: Assets/GameMain/Scripts/UI/UIForm.cs
  artifactKey: Guid(1f2df1a681c964460937e2c05c236628) Importer(815301076,1909f56bfc062723c751e8b465ee728b)
Start importing Assets/GameMain/Scripts/UI/UIForm.cs using Guid(1f2df1a681c964460937e2c05c236628) Importer(815301076,1909f56bfc062723c751e8b465ee728b)  -> (artifact id: '3555982029229315b8450798bfe348c7') in 0.007734 seconds 
  Import took 0.010316 seconds .

========================================================================
Received Import Request.
  Time since last request: 0.776138 seconds.
  path: Assets/GameMain/Scripts/UI/UIForm1.cs
  artifactKey: Guid(3438d39b847d14d67b79361e6703cc36) Importer(815301076,1909f56bfc062723c751e8b465ee728b)
Start importing Assets/GameMain/Scripts/UI/UIForm1.cs using Guid(3438d39b847d14d67b79361e6703cc36) Importer(815301076,1909f56bfc062723c751e8b465ee728b)  -> (artifact id: '02572c898f7389026c83a96da98a60e2') in 0.001376 seconds 
  Import took 0.005115 seconds .

========================================================================
Received Import Request.
  Time since last request: 0.006612 seconds.
  path: Assets/GameMain/Scripts/UI/UIForm1.cs
  artifactKey: Guid(3438d39b847d14d67b79361e6703cc36) Importer(815301076,1909f56bfc062723c751e8b465ee728b)
Start importing Assets/GameMain/Scripts/UI/UIForm1.cs using Guid(3438d39b847d14d67b79361e6703cc36) Importer(815301076,1909f56bfc062723c751e8b465ee728b)  -> (artifact id: '02572c898f7389026c83a96da98a60e2') in 0.001054 seconds 
  Import took 0.004454 seconds .

========================================================================
Received Import Request.
  Time since last request: 7.649458 seconds.
  path: Assets/GameMain/Scripts/UI/MenuForm.cs
  artifactKey: Guid(3438d39b847d14d67b79361e6703cc36) Importer(815301076,1909f56bfc062723c751e8b465ee728b)
Start importing Assets/GameMain/Scripts/UI/MenuForm.cs using Guid(3438d39b847d14d67b79361e6703cc36) Importer(815301076,1909f56bfc062723c751e8b465ee728b)  -> (artifact id: '015accf835f05671633ae3bfaa8a7038') in 0.004106 seconds 
  Import took 0.033788 seconds .

========================================================================
Received Prepare
Registering precompiled user dll's ...
Registered in 0.003488 seconds.
Begin MonoManager ReloadAssembly
Native extension for WindowsStandalone target not found
Native extension for OSXStandalone target not found
Refreshing native plugins compatible for Editor in 0.44 ms, found 3 plugins.
Preloading 0 native plugins for Editor in 0.00 ms.
Mono: successfully reloaded assembly
- Completed reload, in  2.696 seconds
Domain Reload Profiling:
	ReloadAssembly (2697ms)
		BeginReloadAssembly (288ms)
			ExecutionOrderSort (0ms)
			DisableScriptedObjects (48ms)
			BackupInstance (0ms)
			ReleaseScriptingObjects (0ms)
			CreateAndSetChildDomain (120ms)
		EndReloadAssembly (2310ms)
			LoadAssemblies (210ms)
			RebuildTransferFunctionScriptingTraits (0ms)
			SetupTypeCache (395ms)
			ReleaseScriptCaches (1ms)
			RebuildScriptCaches (58ms)
			SetupLoadedEditorAssemblies (1319ms)
				LogAssemblyErrors (0ms)
				InitializePlatformSupportModulesInManaged (16ms)
				SetLoadedEditorAssemblies (2ms)
				RefreshPlugins (0ms)
				BeforeProcessingInitializeOnLoad (237ms)
				ProcessInitializeOnLoadAttributes (1040ms)
				ProcessInitializeOnLoadMethodAttributes (22ms)
				AfterProcessingInitializeOnLoad (1ms)
				EditorAssembliesLoaded (0ms)
			ExecutionOrderSort2 (0ms)
			AwakeInstancesAfterBackupRestoration (45ms)
Platform modules already initialized, skipping
Refreshing native plugins compatible for Editor in 0.38 ms, found 3 plugins.
Preloading 0 native plugins for Editor in 0.00 ms.
Unloading 2434 Unused Serialized files (Serialized files now loaded: 0)
System memory in use before: 192.9 MB.
System memory in use after: 193.0 MB.

Unloading 23 unused Assets to reduce memory usage. Loaded Objects now: 2888.
Total: 1.777708 ms (FindLiveObjects: 0.181541 ms CreateObjectMapping: 0.050167 ms MarkObjects: 1.429333 ms  DeleteObjects: 0.115875 ms)

AssetImportParameters requested are different than current active one (requested -> active):
  custom:video-decoder-ogg-theora: a1e56fd34408186e4bbccfd4996cb3dc -> 
  custom:container-muxer-webm: aa71ff27fc2769a1b78a27578f13a17b -> 
  custom:container-demuxer-webm: 4f35f7cbe854078d1ac9338744f61a02 -> 
  custom:container-demuxer-ogg: 62fdf1f143b41e24485cea50d1cbac27 -> 
  custom:video-encoder-webm-vp8: eb34c28f22e8b96e1ab97ce403110664 -> 
  custom:framework-osx-AVFoundation: e770b220cccbd017edd2c1fefb359320 -> 
  custom:video-decoder-webm-vp8: 9c59270c3fd7afecdb556c50c9e8de78 -> 
  custom:audio-decoder-ogg-vorbis: bf7c407c2cedff20999df2af8eb42d56 -> 
  custom:audio-encoder-webm-vorbis: bf7c407c2cedff20999df2af8eb42d56 -> 
========================================================================
Received Import Request.
  Time since last request: 254.259706 seconds.
  path: Assets/GameMain/Scripts/UI/MenuForm.cs
  artifactKey: Guid(3438d39b847d14d67b79361e6703cc36) Importer(815301076,1909f56bfc062723c751e8b465ee728b)
Start importing Assets/GameMain/Scripts/UI/MenuForm.cs using Guid(3438d39b847d14d67b79361e6703cc36) Importer(815301076,1909f56bfc062723c751e8b465ee728b)  -> (artifact id: '246eb6a75ef339383bc3ab09e4598b4e') in 0.007224 seconds 
  Import took 0.010113 seconds .

========================================================================
Received Import Request.
  Time since last request: 0.647132 seconds.
  path: Assets/GameMain/Scripts/Procedure/ProcedurePreload.cs
  artifactKey: Guid(48020125b94d14473add774f77d0d9cb) Importer(815301076,1909f56bfc062723c751e8b465ee728b)
Start importing Assets/GameMain/Scripts/Procedure/ProcedurePreload.cs using Guid(48020125b94d14473add774f77d0d9cb) Importer(815301076,1909f56bfc062723c751e8b465ee728b)  -> (artifact id: 'd50be68b15d6d4c1fd892c31e06b9f6c') in 0.001205 seconds 
  Import took 0.004625 seconds .

========================================================================
Received Import Request.
  Time since last request: 0.003092 seconds.
  path: Assets/GameMain/Scripts/Procedure/ProcedurePreload.cs
  artifactKey: Guid(48020125b94d14473add774f77d0d9cb) Importer(815301076,1909f56bfc062723c751e8b465ee728b)
Start importing Assets/GameMain/Scripts/Procedure/ProcedurePreload.cs using Guid(48020125b94d14473add774f77d0d9cb) Importer(815301076,1909f56bfc062723c751e8b465ee728b)  -> (artifact id: 'd50be68b15d6d4c1fd892c31e06b9f6c') in 0.000950 seconds 
  Import took 0.003912 seconds .

========================================================================
Received Import Request.
  Time since last request: 1.202845 seconds.
  path: Assets/GameMain/Scripts/Procedure/ProcedureBattle.cs
  artifactKey: Guid(7248e2d5ae0b241d0a18fcb9ad5e2c77) Importer(815301076,1909f56bfc062723c751e8b465ee728b)
Start importing Assets/GameMain/Scripts/Procedure/ProcedureBattle.cs using Guid(7248e2d5ae0b241d0a18fcb9ad5e2c77) Importer(815301076,1909f56bfc062723c751e8b465ee728b)  -> (artifact id: '091b43bcb3c872f48e33bce2af146fb0') in 0.001961 seconds 
  Import took 0.006455 seconds .

========================================================================
Received Import Request.
  Time since last request: 0.005673 seconds.
  path: Assets/GameMain/Scripts/Procedure/ProcedureBattle.cs
  artifactKey: Guid(7248e2d5ae0b241d0a18fcb9ad5e2c77) Importer(815301076,1909f56bfc062723c751e8b465ee728b)
Start importing Assets/GameMain/Scripts/Procedure/ProcedureBattle.cs using Guid(7248e2d5ae0b241d0a18fcb9ad5e2c77) Importer(815301076,1909f56bfc062723c751e8b465ee728b)  -> (artifact id: '091b43bcb3c872f48e33bce2af146fb0') in 0.001091 seconds 
  Import took 0.004430 seconds .

========================================================================
Received Import Request.
  Time since last request: 1.555139 seconds.
  path: Assets/GameMain/Scripts/Procedure/ProcedureBattle1.cs
  artifactKey: Guid(d976cdfa334a2491997441f8d6bde103) Importer(815301076,1909f56bfc062723c751e8b465ee728b)
Start importing Assets/GameMain/Scripts/Procedure/ProcedureBattle1.cs using Guid(d976cdfa334a2491997441f8d6bde103) Importer(815301076,1909f56bfc062723c751e8b465ee728b)  -> (artifact id: '75476f588cf8aa1b5530739d4d82256e') in 0.002697 seconds 
  Import took 0.007036 seconds .

========================================================================
Received Import Request.
  Time since last request: 0.002566 seconds.
  path: Assets/GameMain/Scripts/Procedure/ProcedureBattle1.cs
  artifactKey: Guid(d976cdfa334a2491997441f8d6bde103) Importer(815301076,1909f56bfc062723c751e8b465ee728b)
Start importing Assets/GameMain/Scripts/Procedure/ProcedureBattle1.cs using Guid(d976cdfa334a2491997441f8d6bde103) Importer(815301076,1909f56bfc062723c751e8b465ee728b)  -> (artifact id: '75476f588cf8aa1b5530739d4d82256e') in 0.001015 seconds 
  Import took 0.004208 seconds .

========================================================================
Received Import Request.
  Time since last request: 10.375658 seconds.
  path: Assets/GameMain/Scripts/Procedure/ProcedureMenu.cs
  artifactKey: Guid(d976cdfa334a2491997441f8d6bde103) Importer(815301076,1909f56bfc062723c751e8b465ee728b)
Start importing Assets/GameMain/Scripts/Procedure/ProcedureMenu.cs using Guid(d976cdfa334a2491997441f8d6bde103) Importer(815301076,1909f56bfc062723c751e8b465ee728b)  -> (artifact id: '746b72992a3e46986653ec1fc9b8f0b1') in 0.001700 seconds 
  Import took 0.012585 seconds .

========================================================================
Received Import Request.
  Time since last request: 1342.858495 seconds.
  path: Assets/GameMain/Scripts/Procedure/ProcedureMenu.cs
  artifactKey: Guid(d976cdfa334a2491997441f8d6bde103) Importer(815301076,1909f56bfc062723c751e8b465ee728b)
Start importing Assets/GameMain/Scripts/Procedure/ProcedureMenu.cs using Guid(d976cdfa334a2491997441f8d6bde103) Importer(815301076,1909f56bfc062723c751e8b465ee728b)  -> (artifact id: 'f296c776cb1a051efb24d79bb70bf097') in 0.009340 seconds 
  Import took 0.030349 seconds .

========================================================================
Received Import Request.
  Time since last request: 42.994302 seconds.
  path: Assets/GameMain/DataTables/UIForm.txt
  artifactKey: Guid(94ff3485c559948b0a8d55f2a0efd966) Importer(815301076,1909f56bfc062723c751e8b465ee728b)
Start importing Assets/GameMain/DataTables/UIForm.txt using Guid(94ff3485c559948b0a8d55f2a0efd966) Importer(815301076,1909f56bfc062723c751e8b465ee728b)  -> (artifact id: '3d4c487d7c284c14fd1c2bf10e60c850') in 2.143600 seconds 
  Import took 2.176740 seconds .

========================================================================
Received Import Request.
  Time since last request: 247.151725 seconds.
  path: Assets/GameMain/DataTables/UIForm.txt
  artifactKey: Guid(94ff3485c559948b0a8d55f2a0efd966) Importer(815301076,1909f56bfc062723c751e8b465ee728b)
Start importing Assets/GameMain/DataTables/UIForm.txt using Guid(94ff3485c559948b0a8d55f2a0efd966) Importer(815301076,1909f56bfc062723c751e8b465ee728b)  -> (artifact id: '9c2cd932ad4e05f2e1e976e83cd09848') in 0.019238 seconds 
  Import took 0.041827 seconds .

========================================================================
Received Prepare
Registering precompiled user dll's ...
Registered in 0.003463 seconds.
Begin MonoManager ReloadAssembly
Native extension for WindowsStandalone target not found
Native extension for OSXStandalone target not found
Refreshing native plugins compatible for Editor in 0.44 ms, found 3 plugins.
Preloading 0 native plugins for Editor in 0.00 ms.
Mono: successfully reloaded assembly
- Completed reload, in  2.733 seconds
Domain Reload Profiling:
	ReloadAssembly (2742ms)
		BeginReloadAssembly (298ms)
			ExecutionOrderSort (0ms)
			DisableScriptedObjects (54ms)
			BackupInstance (0ms)
			ReleaseScriptingObjects (0ms)
			CreateAndSetChildDomain (117ms)
		EndReloadAssembly (2333ms)
			LoadAssemblies (233ms)
			RebuildTransferFunctionScriptingTraits (0ms)
			SetupTypeCache (449ms)
			ReleaseScriptCaches (1ms)
			RebuildScriptCaches (62ms)
			SetupLoadedEditorAssemblies (1269ms)
				LogAssemblyErrors (0ms)
				InitializePlatformSupportModulesInManaged (18ms)
				SetLoadedEditorAssemblies (1ms)
				RefreshPlugins (0ms)
				BeforeProcessingInitializeOnLoad (204ms)
				ProcessInitializeOnLoadAttributes (1017ms)
				ProcessInitializeOnLoadMethodAttributes (27ms)
				AfterProcessingInitializeOnLoad (1ms)
				EditorAssembliesLoaded (0ms)
			ExecutionOrderSort2 (0ms)
			AwakeInstancesAfterBackupRestoration (51ms)
Platform modules already initialized, skipping
Script is not up to date after domain reload: guid(cbb1fd44b007c4f7788c7f3e06c2a630) path("Assets/GameMain/Scripts/DataTable/DRUIForm.cs") state(2)
Refreshing native plugins compatible for Editor in 0.43 ms, found 3 plugins.
Preloading 0 native plugins for Editor in 0.00 ms.
Unloading 2435 Unused Serialized files (Serialized files now loaded: 0)
System memory in use before: 197.5 MB.
System memory in use after: 197.6 MB.

Unloading 23 unused Assets to reduce memory usage. Loaded Objects now: 2892.
Total: 2.885125 ms (FindLiveObjects: 0.195208 ms CreateObjectMapping: 0.052792 ms MarkObjects: 2.496917 ms  DeleteObjects: 0.137250 ms)

AssetImportParameters requested are different than current active one (requested -> active):
  custom:video-decoder-ogg-theora: a1e56fd34408186e4bbccfd4996cb3dc -> 
  custom:container-muxer-webm: aa71ff27fc2769a1b78a27578f13a17b -> 
  custom:container-demuxer-webm: 4f35f7cbe854078d1ac9338744f61a02 -> 
  custom:container-demuxer-ogg: 62fdf1f143b41e24485cea50d1cbac27 -> 
  custom:video-encoder-webm-vp8: eb34c28f22e8b96e1ab97ce403110664 -> 
  custom:framework-osx-AVFoundation: e770b220cccbd017edd2c1fefb359320 -> 
  custom:video-decoder-webm-vp8: 9c59270c3fd7afecdb556c50c9e8de78 -> 
  custom:audio-decoder-ogg-vorbis: bf7c407c2cedff20999df2af8eb42d56 -> 
  custom:audio-encoder-webm-vorbis: bf7c407c2cedff20999df2af8eb42d56 -> 
========================================================================
Received Prepare
Registering precompiled user dll's ...
Registered in 0.002451 seconds.
Begin MonoManager ReloadAssembly
Native extension for WindowsStandalone target not found
Native extension for OSXStandalone target not found
Refreshing native plugins compatible for Editor in 0.45 ms, found 3 plugins.
Preloading 0 native plugins for Editor in 0.00 ms.
Mono: successfully reloaded assembly
- Completed reload, in  2.733 seconds
Domain Reload Profiling:
	ReloadAssembly (2735ms)
		BeginReloadAssembly (274ms)
			ExecutionOrderSort (0ms)
			DisableScriptedObjects (47ms)
			BackupInstance (0ms)
			ReleaseScriptingObjects (0ms)
			CreateAndSetChildDomain (114ms)
		EndReloadAssembly (2354ms)
			LoadAssemblies (225ms)
			RebuildTransferFunctionScriptingTraits (0ms)
			SetupTypeCache (387ms)
			ReleaseScriptCaches (1ms)
			RebuildScriptCaches (57ms)
			SetupLoadedEditorAssemblies (1305ms)
				LogAssemblyErrors (0ms)
				InitializePlatformSupportModulesInManaged (17ms)
				SetLoadedEditorAssemblies (2ms)
				RefreshPlugins (0ms)
				BeforeProcessingInitializeOnLoad (214ms)
				ProcessInitializeOnLoadAttributes (1048ms)
				ProcessInitializeOnLoadMethodAttributes (22ms)
				AfterProcessingInitializeOnLoad (1ms)
				EditorAssembliesLoaded (0ms)
			ExecutionOrderSort2 (0ms)
			AwakeInstancesAfterBackupRestoration (44ms)
Platform modules already initialized, skipping
Refreshing native plugins compatible for Editor in 0.43 ms, found 3 plugins.
Preloading 0 native plugins for Editor in 0.00 ms.
Unloading 2436 Unused Serialized files (Serialized files now loaded: 0)
System memory in use before: 197.7 MB.
System memory in use after: 197.8 MB.

Unloading 23 unused Assets to reduce memory usage. Loaded Objects now: 2896.
Total: 6.223541 ms (FindLiveObjects: 0.260417 ms CreateObjectMapping: 0.055500 ms MarkObjects: 5.407125 ms  DeleteObjects: 0.499125 ms)

AssetImportParameters requested are different than current active one (requested -> active):
  custom:video-decoder-ogg-theora: a1e56fd34408186e4bbccfd4996cb3dc -> 
  custom:container-muxer-webm: aa71ff27fc2769a1b78a27578f13a17b -> 
  custom:container-demuxer-webm: 4f35f7cbe854078d1ac9338744f61a02 -> 
  custom:container-demuxer-ogg: 62fdf1f143b41e24485cea50d1cbac27 -> 
  custom:video-encoder-webm-vp8: eb34c28f22e8b96e1ab97ce403110664 -> 
  custom:framework-osx-AVFoundation: e770b220cccbd017edd2c1fefb359320 -> 
  custom:video-decoder-webm-vp8: 9c59270c3fd7afecdb556c50c9e8de78 -> 
  custom:audio-decoder-ogg-vorbis: bf7c407c2cedff20999df2af8eb42d56 -> 
  custom:audio-encoder-webm-vorbis: bf7c407c2cedff20999df2af8eb42d56 -> 
========================================================================
Received Import Request.
  Time since last request: 164.725081 seconds.
  path: Assets/GameMain/DataTables/UIForm.bytes
  artifactKey: Guid(daa0ed98a17b34ddeac1954240329558) Importer(815301076,1909f56bfc062723c751e8b465ee728b)
Start importing Assets/GameMain/DataTables/UIForm.bytes using Guid(daa0ed98a17b34ddeac1954240329558) Importer(815301076,1909f56bfc062723c751e8b465ee728b)  -> (artifact id: 'f27117008cf1b6ba61eee3cf49ae10af') in 0.714559 seconds 
  Import took 0.730909 seconds .

========================================================================
Received Import Request.
  Time since last request: 37.335406 seconds.
  path: Assets/GameMain/Scripts/UI/UIForm.cs
  artifactKey: Guid(1f2df1a681c964460937e2c05c236628) Importer(815301076,1909f56bfc062723c751e8b465ee728b)
Start importing Assets/GameMain/Scripts/UI/UIForm.cs using Guid(1f2df1a681c964460937e2c05c236628) Importer(815301076,1909f56bfc062723c751e8b465ee728b)  -> (artifact id: 'fd576d4f02cd97fd6021f1497a1066f1') in 0.004451 seconds 
  Import took 0.014462 seconds .

========================================================================
Received Import Request.
  Time since last request: 0.001152 seconds.
  path: Assets/GameMain/Scripts/UI/UIForm.cs
  artifactKey: Guid(1f2df1a681c964460937e2c05c236628) Importer(815301076,1909f56bfc062723c751e8b465ee728b)
Start importing Assets/GameMain/Scripts/UI/UIForm.cs using Guid(1f2df1a681c964460937e2c05c236628) Importer(815301076,1909f56bfc062723c751e8b465ee728b)  -> (artifact id: 'fd576d4f02cd97fd6021f1497a1066f1') in 0.001092 seconds 
  Import took 0.004350 seconds .

========================================================================
Received Import Request.
  Time since last request: 18.970029 seconds.
  path: Assets/GameMain/Scripts/UI/UIForm1.cs
  artifactKey: Guid(13e1c0a93b10b4a55a11960f4c00377f) Importer(815301076,1909f56bfc062723c751e8b465ee728b)
Start importing Assets/GameMain/Scripts/UI/UIForm1.cs using Guid(13e1c0a93b10b4a55a11960f4c00377f) Importer(815301076,1909f56bfc062723c751e8b465ee728b)  -> (artifact id: 'd4241bd3b20e716a8334a0b64ebd0ee7') in 0.004651 seconds 
  Import took 0.014408 seconds .

========================================================================
Received Import Request.
  Time since last request: 12.013727 seconds.
  path: Assets/GameMain/Scripts/UI/UIFormType.cs
  artifactKey: Guid(13e1c0a93b10b4a55a11960f4c00377f) Importer(815301076,1909f56bfc062723c751e8b465ee728b)
Start importing Assets/GameMain/Scripts/UI/UIFormType.cs using Guid(13e1c0a93b10b4a55a11960f4c00377f) Importer(815301076,1909f56bfc062723c751e8b465ee728b)  -> (artifact id: '897f7282a3743abd4f64339772b1874e') in 0.001429 seconds 
  Import took 0.004954 seconds .

========================================================================
Received Import Request.
  Time since last request: 76.985000 seconds.
  path: Assets/GameMain/Scripts/UI/UIFormId.cs
  artifactKey: Guid(13e1c0a93b10b4a55a11960f4c00377f) Importer(815301076,1909f56bfc062723c751e8b465ee728b)
Start importing Assets/GameMain/Scripts/UI/UIFormId.cs using Guid(13e1c0a93b10b4a55a11960f4c00377f) Importer(815301076,1909f56bfc062723c751e8b465ee728b)  -> (artifact id: 'f01fd87f2012ae7e9a4d8ba0b05814f5') in 0.003543 seconds 
  Import took 0.013857 seconds .

========================================================================
Received Prepare
Registering precompiled user dll's ...
Registered in 0.002698 seconds.
Begin MonoManager ReloadAssembly
Native extension for WindowsStandalone target not found
Native extension for OSXStandalone target not found
Refreshing native plugins compatible for Editor in 0.58 ms, found 3 plugins.
Preloading 0 native plugins for Editor in 0.00 ms.
Mono: successfully reloaded assembly
- Completed reload, in  2.678 seconds
Domain Reload Profiling:
	ReloadAssembly (2681ms)
		BeginReloadAssembly (289ms)
			ExecutionOrderSort (0ms)
			DisableScriptedObjects (48ms)
			BackupInstance (0ms)
			ReleaseScriptingObjects (0ms)
			CreateAndSetChildDomain (119ms)
		EndReloadAssembly (2280ms)
			LoadAssemblies (204ms)
			RebuildTransferFunctionScriptingTraits (0ms)
			SetupTypeCache (410ms)
			ReleaseScriptCaches (1ms)
			RebuildScriptCaches (57ms)
			SetupLoadedEditorAssemblies (1282ms)
				LogAssemblyErrors (0ms)
				InitializePlatformSupportModulesInManaged (29ms)
				SetLoadedEditorAssemblies (14ms)
				RefreshPlugins (1ms)
				BeforeProcessingInitializeOnLoad (220ms)
				ProcessInitializeOnLoadAttributes (995ms)
				ProcessInitializeOnLoadMethodAttributes (22ms)
				AfterProcessingInitializeOnLoad (1ms)
				EditorAssembliesLoaded (0ms)
			ExecutionOrderSort2 (0ms)
			AwakeInstancesAfterBackupRestoration (44ms)
Platform modules already initialized, skipping
Refreshing native plugins compatible for Editor in 0.33 ms, found 3 plugins.
Preloading 0 native plugins for Editor in 0.00 ms.
Unloading 2437 Unused Serialized files (Serialized files now loaded: 0)
System memory in use before: 202.2 MB.
System memory in use after: 202.3 MB.

Unloading 23 unused Assets to reduce memory usage. Loaded Objects now: 2900.
Total: 2.149250 ms (FindLiveObjects: 0.173334 ms CreateObjectMapping: 0.048083 ms MarkObjects: 1.500833 ms  DeleteObjects: 0.426292 ms)

AssetImportParameters requested are different than current active one (requested -> active):
  custom:video-decoder-ogg-theora: a1e56fd34408186e4bbccfd4996cb3dc -> 
  custom:container-muxer-webm: aa71ff27fc2769a1b78a27578f13a17b -> 
  custom:container-demuxer-webm: 4f35f7cbe854078d1ac9338744f61a02 -> 
  custom:container-demuxer-ogg: 62fdf1f143b41e24485cea50d1cbac27 -> 
  custom:video-encoder-webm-vp8: eb34c28f22e8b96e1ab97ce403110664 -> 
  custom:framework-osx-AVFoundation: e770b220cccbd017edd2c1fefb359320 -> 
  custom:video-decoder-webm-vp8: 9c59270c3fd7afecdb556c50c9e8de78 -> 
  custom:audio-decoder-ogg-vorbis: bf7c407c2cedff20999df2af8eb42d56 -> 
  custom:audio-encoder-webm-vorbis: bf7c407c2cedff20999df2af8eb42d56 -> 
========================================================================
Received Prepare
Registering precompiled user dll's ...
Registered in 0.003333 seconds.
Begin MonoManager ReloadAssembly
Native extension for WindowsStandalone target not found
Native extension for OSXStandalone target not found
Refreshing native plugins compatible for Editor in 0.49 ms, found 3 plugins.
Preloading 0 native plugins for Editor in 0.00 ms.
Mono: successfully reloaded assembly
- Completed reload, in  2.740 seconds
Domain Reload Profiling:
	ReloadAssembly (2742ms)
		BeginReloadAssembly (273ms)
			ExecutionOrderSort (0ms)
			DisableScriptedObjects (41ms)
			BackupInstance (0ms)
			ReleaseScriptingObjects (0ms)
			CreateAndSetChildDomain (112ms)
		EndReloadAssembly (2370ms)
			LoadAssemblies (211ms)
			RebuildTransferFunctionScriptingTraits (0ms)
			SetupTypeCache (460ms)
			ReleaseScriptCaches (1ms)
			RebuildScriptCaches (57ms)
			SetupLoadedEditorAssemblies (1306ms)
				LogAssemblyErrors (0ms)
				InitializePlatformSupportModulesInManaged (20ms)
				SetLoadedEditorAssemblies (2ms)
				RefreshPlugins (1ms)
				BeforeProcessingInitializeOnLoad (200ms)
				ProcessInitializeOnLoadAttributes (1039ms)
				ProcessInitializeOnLoadMethodAttributes (38ms)
				AfterProcessingInitializeOnLoad (1ms)
				EditorAssembliesLoaded (5ms)
			ExecutionOrderSort2 (0ms)
			AwakeInstancesAfterBackupRestoration (64ms)
Platform modules already initialized, skipping
Refreshing native plugins compatible for Editor in 0.40 ms, found 3 plugins.
Preloading 0 native plugins for Editor in 0.00 ms.
Unloading 2437 Unused Serialized files (Serialized files now loaded: 0)
System memory in use before: 202.3 MB.
System memory in use after: 202.4 MB.

Unloading 23 unused Assets to reduce memory usage. Loaded Objects now: 2903.
Total: 1.789000 ms (FindLiveObjects: 0.147958 ms CreateObjectMapping: 0.049166 ms MarkObjects: 1.470458 ms  DeleteObjects: 0.120542 ms)

AssetImportParameters requested are different than current active one (requested -> active):
  custom:video-decoder-ogg-theora: a1e56fd34408186e4bbccfd4996cb3dc -> 
  custom:container-muxer-webm: aa71ff27fc2769a1b78a27578f13a17b -> 
  custom:container-demuxer-webm: 4f35f7cbe854078d1ac9338744f61a02 -> 
  custom:container-demuxer-ogg: 62fdf1f143b41e24485cea50d1cbac27 -> 
  custom:video-encoder-webm-vp8: eb34c28f22e8b96e1ab97ce403110664 -> 
  custom:framework-osx-AVFoundation: e770b220cccbd017edd2c1fefb359320 -> 
  custom:video-decoder-webm-vp8: 9c59270c3fd7afecdb556c50c9e8de78 -> 
  custom:audio-decoder-ogg-vorbis: bf7c407c2cedff20999df2af8eb42d56 -> 
  custom:audio-encoder-webm-vorbis: bf7c407c2cedff20999df2af8eb42d56 -> 
========================================================================
Received Import Request.
  Time since last request: 330.552203 seconds.
  path: Assets/GameMain/UI
  artifactKey: Guid(6567266d2132d453393002d38fef5623) Importer(815301076,1909f56bfc062723c751e8b465ee728b)
Start importing Assets/GameMain/UI using Guid(6567266d2132d453393002d38fef5623) Importer(815301076,1909f56bfc062723c751e8b465ee728b)  -> (artifact id: 'd226be8bc302eedf690489f268c58641') in 0.023116 seconds 
  Import took 0.037658 seconds .

========================================================================
Received Import Request.
  Time since last request: 10.140007 seconds.
  path: Assets/GameMain/UI/UIForm
  artifactKey: Guid(c19af6efdd9534217a10884dce77e557) Importer(815301076,1909f56bfc062723c751e8b465ee728b)
Start importing Assets/GameMain/UI/UIForm using Guid(c19af6efdd9534217a10884dce77e557) Importer(815301076,1909f56bfc062723c751e8b465ee728b)  -> (artifact id: 'a72bd429311eb01749bbc92c2a20272d') in 0.003038 seconds 
  Import took 0.007395 seconds .

========================================================================
Received Import Request.
  Time since last request: 5.135134 seconds.
  path: Assets/GameMain/UI/UIForms
  artifactKey: Guid(c19af6efdd9534217a10884dce77e557) Importer(815301076,1909f56bfc062723c751e8b465ee728b)
Start importing Assets/GameMain/UI/UIForms using Guid(c19af6efdd9534217a10884dce77e557) Importer(815301076,1909f56bfc062723c751e8b465ee728b)  -> (artifact id: '721d551f332e4376d7be4a59b47db944') in 0.002528 seconds 
  Import took 0.012637 seconds .

========================================================================
Received Import Request.
  Time since last request: 100.267381 seconds.
  path: Assets/GameMain/Editor/UIEditor.unity
  artifactKey: Guid(077c51062b67943b29ee1bd0dc0c435c) Importer(815301076,1909f56bfc062723c751e8b465ee728b)
Start importing Assets/GameMain/Editor/UIEditor.unity using Guid(077c51062b67943b29ee1bd0dc0c435c) Importer(815301076,1909f56bfc062723c751e8b465ee728b)  -> (artifact id: 'c6c3ae55e9ecfba1cd40ead0c6bb016d') in 0.033975 seconds 
  Import took 0.078683 seconds .

========================================================================
Received Prepare
Registering precompiled user dll's ...
Registered in 0.002272 seconds.
Begin MonoManager ReloadAssembly
Native extension for WindowsStandalone target not found
Native extension for OSXStandalone target not found
Refreshing native plugins compatible for Editor in 0.44 ms, found 3 plugins.
Preloading 0 native plugins for Editor in 0.00 ms.
Mono: successfully reloaded assembly
- Completed reload, in  2.734 seconds
Domain Reload Profiling:
	ReloadAssembly (2735ms)
		BeginReloadAssembly (266ms)
			ExecutionOrderSort (0ms)
			DisableScriptedObjects (38ms)
			BackupInstance (0ms)
			ReleaseScriptingObjects (0ms)
			CreateAndSetChildDomain (113ms)
		EndReloadAssembly (2370ms)
			LoadAssemblies (200ms)
			RebuildTransferFunctionScriptingTraits (0ms)
			SetupTypeCache (409ms)
			ReleaseScriptCaches (1ms)
			RebuildScriptCaches (58ms)
			SetupLoadedEditorAssemblies (1379ms)
				LogAssemblyErrors (0ms)
				InitializePlatformSupportModulesInManaged (17ms)
				SetLoadedEditorAssemblies (1ms)
				RefreshPlugins (0ms)
				BeforeProcessingInitializeOnLoad (253ms)
				ProcessInitializeOnLoadAttributes (1083ms)
				ProcessInitializeOnLoadMethodAttributes (23ms)
				AfterProcessingInitializeOnLoad (1ms)
				EditorAssembliesLoaded (0ms)
			ExecutionOrderSort2 (0ms)
			AwakeInstancesAfterBackupRestoration (46ms)
Platform modules already initialized, skipping
Refreshing native plugins compatible for Editor in 0.40 ms, found 3 plugins.
Preloading 0 native plugins for Editor in 0.00 ms.
Unloading 2437 Unused Serialized files (Serialized files now loaded: 0)
System memory in use before: 202.7 MB.
System memory in use after: 202.8 MB.

Unloading 23 unused Assets to reduce memory usage. Loaded Objects now: 2906.
Total: 2.188000 ms (FindLiveObjects: 0.171042 ms CreateObjectMapping: 0.047708 ms MarkObjects: 1.522375 ms  DeleteObjects: 0.445875 ms)

AssetImportParameters requested are different than current active one (requested -> active):
  custom:video-decoder-ogg-theora: a1e56fd34408186e4bbccfd4996cb3dc -> 
  custom:container-muxer-webm: aa71ff27fc2769a1b78a27578f13a17b -> 
  custom:container-demuxer-webm: 4f35f7cbe854078d1ac9338744f61a02 -> 
  custom:container-demuxer-ogg: 62fdf1f143b41e24485cea50d1cbac27 -> 
  custom:video-encoder-webm-vp8: eb34c28f22e8b96e1ab97ce403110664 -> 
  custom:framework-osx-AVFoundation: e770b220cccbd017edd2c1fefb359320 -> 
  custom:video-decoder-webm-vp8: 9c59270c3fd7afecdb556c50c9e8de78 -> 
  custom:audio-decoder-ogg-vorbis: bf7c407c2cedff20999df2af8eb42d56 -> 
  custom:audio-encoder-webm-vorbis: bf7c407c2cedff20999df2af8eb42d56 -> 
========================================================================
Received Import Request.
  Time since last request: 669.193119 seconds.
  path: Assets/GameMain/UI/UIForms/MenuForm.prefab
  artifactKey: Guid(6f3e3e9e0eb324c8b84164785b0c51a7) Importer(815301076,1909f56bfc062723c751e8b465ee728b)
Start importing Assets/GameMain/UI/UIForms/MenuForm.prefab using Guid(6f3e3e9e0eb324c8b84164785b0c51a7) Importer(815301076,1909f56bfc062723c751e8b465ee728b)  -> (artifact id: '0484e1a77b5d73ea8ce17bf1c1eeed92') in 0.529121 seconds 
  Import took 0.549392 seconds .

========================================================================
Received Import Request.
  Time since last request: 10.078748 seconds.
  path: Assets/GameMain/Scenes/Main.unity
  artifactKey: Guid(2cda990e2423bbf4892e6590ba056729) Importer(815301076,1909f56bfc062723c751e8b465ee728b)
Start importing Assets/GameMain/Scenes/Main.unity using Guid(2cda990e2423bbf4892e6590ba056729) Importer(815301076,1909f56bfc062723c751e8b465ee728b)  -> (artifact id: 'ccf6f01fd6e94d6648838cdd99e9567f') in 0.003193 seconds 
  Import took 0.008159 seconds .

========================================================================
Received Import Request.
  Time since last request: 0.000575 seconds.
  path: Assets/GameMain/Scenes/Main.unity
  artifactKey: Guid(2cda990e2423bbf4892e6590ba056729) Importer(815301076,1909f56bfc062723c751e8b465ee728b)
Start importing Assets/GameMain/Scenes/Main.unity using Guid(2cda990e2423bbf4892e6590ba056729) Importer(815301076,1909f56bfc062723c751e8b465ee728b)  -> (artifact id: 'ccf6f01fd6e94d6648838cdd99e9567f') in 0.001181 seconds 
  Import took 0.004693 seconds .

========================================================================
Received Prepare
Registering precompiled user dll's ...
Registered in 0.002170 seconds.
Begin MonoManager ReloadAssembly
Native extension for WindowsStandalone target not found
Native extension for OSXStandalone target not found
Refreshing native plugins compatible for Editor in 0.71 ms, found 3 plugins.
Preloading 0 native plugins for Editor in 0.00 ms.
Mono: successfully reloaded assembly
- Completed reload, in  2.710 seconds
Domain Reload Profiling:
	ReloadAssembly (2712ms)
		BeginReloadAssembly (320ms)
			ExecutionOrderSort (0ms)
			DisableScriptedObjects (58ms)
			BackupInstance (0ms)
			ReleaseScriptingObjects (0ms)
			CreateAndSetChildDomain (128ms)
		EndReloadAssembly (2288ms)
			LoadAssemblies (234ms)
			RebuildTransferFunctionScriptingTraits (0ms)
			SetupTypeCache (403ms)
			ReleaseScriptCaches (1ms)
			RebuildScriptCaches (57ms)
			SetupLoadedEditorAssemblies (1285ms)
				LogAssemblyErrors (0ms)
				InitializePlatformSupportModulesInManaged (19ms)
				SetLoadedEditorAssemblies (1ms)
				RefreshPlugins (1ms)
				BeforeProcessingInitializeOnLoad (207ms)
				ProcessInitializeOnLoadAttributes (1036ms)
				ProcessInitializeOnLoadMethodAttributes (20ms)
				AfterProcessingInitializeOnLoad (1ms)
				EditorAssembliesLoaded (0ms)
			ExecutionOrderSort2 (0ms)
			AwakeInstancesAfterBackupRestoration (44ms)
Platform modules already initialized, skipping
Refreshing native plugins compatible for Editor in 0.33 ms, found 3 plugins.
Preloading 0 native plugins for Editor in 0.00 ms.
Unloading 2437 Unused Serialized files (Serialized files now loaded: 0)
System memory in use before: 207.2 MB.
System memory in use after: 207.3 MB.

Unloading 24 unused Assets to reduce memory usage. Loaded Objects now: 2911.
Total: 2.116959 ms (FindLiveObjects: 0.183208 ms CreateObjectMapping: 0.096000 ms MarkObjects: 1.682833 ms  DeleteObjects: 0.154084 ms)

AssetImportParameters requested are different than current active one (requested -> active):
  custom:video-decoder-ogg-theora: a1e56fd34408186e4bbccfd4996cb3dc -> 
  custom:container-muxer-webm: aa71ff27fc2769a1b78a27578f13a17b -> 
  custom:container-demuxer-webm: 4f35f7cbe854078d1ac9338744f61a02 -> 
  custom:container-demuxer-ogg: 62fdf1f143b41e24485cea50d1cbac27 -> 
  custom:video-encoder-webm-vp8: eb34c28f22e8b96e1ab97ce403110664 -> 
  custom:framework-osx-AVFoundation: e770b220cccbd017edd2c1fefb359320 -> 
  custom:video-decoder-webm-vp8: 9c59270c3fd7afecdb556c50c9e8de78 -> 
  custom:audio-decoder-ogg-vorbis: bf7c407c2cedff20999df2af8eb42d56 -> 
  custom:audio-encoder-webm-vorbis: bf7c407c2cedff20999df2af8eb42d56 -> 
========================================================================
Received Prepare
Registering precompiled user dll's ...
Registered in 0.003402 seconds.
Begin MonoManager ReloadAssembly
Native extension for WindowsStandalone target not found
Native extension for OSXStandalone target not found
Refreshing native plugins compatible for Editor in 0.47 ms, found 3 plugins.
Preloading 0 native plugins for Editor in 0.00 ms.
Mono: successfully reloaded assembly
- Completed reload, in  2.632 seconds
Domain Reload Profiling:
	ReloadAssembly (2634ms)
		BeginReloadAssembly (279ms)
			ExecutionOrderSort (0ms)
			DisableScriptedObjects (43ms)
			BackupInstance (0ms)
			ReleaseScriptingObjects (0ms)
			CreateAndSetChildDomain (114ms)
		EndReloadAssembly (2256ms)
			LoadAssemblies (210ms)
			RebuildTransferFunctionScriptingTraits (0ms)
			SetupTypeCache (395ms)
			ReleaseScriptCaches (1ms)
			RebuildScriptCaches (59ms)
			SetupLoadedEditorAssemblies (1306ms)
				LogAssemblyErrors (0ms)
				InitializePlatformSupportModulesInManaged (18ms)
				SetLoadedEditorAssemblies (2ms)
				RefreshPlugins (0ms)
				BeforeProcessingInitializeOnLoad (194ms)
				ProcessInitializeOnLoadAttributes (1067ms)
				ProcessInitializeOnLoadMethodAttributes (23ms)
				AfterProcessingInitializeOnLoad (1ms)
				EditorAssembliesLoaded (0ms)
			ExecutionOrderSort2 (0ms)
			AwakeInstancesAfterBackupRestoration (46ms)
Platform modules already initialized, skipping
Refreshing native plugins compatible for Editor in 0.45 ms, found 3 plugins.
Preloading 0 native plugins for Editor in 0.00 ms.
Unloading 2437 Unused Serialized files (Serialized files now loaded: 0)
System memory in use before: 207.5 MB.
System memory in use after: 207.5 MB.

Unloading 23 unused Assets to reduce memory usage. Loaded Objects now: 2914.
Total: 1.900583 ms (FindLiveObjects: 0.176333 ms CreateObjectMapping: 0.052375 ms MarkObjects: 1.551542 ms  DeleteObjects: 0.119459 ms)

AssetImportParameters requested are different than current active one (requested -> active):
  custom:video-decoder-ogg-theora: a1e56fd34408186e4bbccfd4996cb3dc -> 
  custom:container-muxer-webm: aa71ff27fc2769a1b78a27578f13a17b -> 
  custom:container-demuxer-webm: 4f35f7cbe854078d1ac9338744f61a02 -> 
  custom:container-demuxer-ogg: 62fdf1f143b41e24485cea50d1cbac27 -> 
  custom:video-encoder-webm-vp8: eb34c28f22e8b96e1ab97ce403110664 -> 
  custom:framework-osx-AVFoundation: e770b220cccbd017edd2c1fefb359320 -> 
  custom:video-decoder-webm-vp8: 9c59270c3fd7afecdb556c50c9e8de78 -> 
  custom:audio-decoder-ogg-vorbis: bf7c407c2cedff20999df2af8eb42d56 -> 
  custom:audio-encoder-webm-vorbis: bf7c407c2cedff20999df2af8eb42d56 -> 
========================================================================
Received Prepare
Registering precompiled user dll's ...
Registered in 0.001967 seconds.
Begin MonoManager ReloadAssembly
Native extension for WindowsStandalone target not found
Native extension for OSXStandalone target not found
Refreshing native plugins compatible for Editor in 0.45 ms, found 3 plugins.
Preloading 0 native plugins for Editor in 0.00 ms.
Mono: successfully reloaded assembly
- Completed reload, in  3.186 seconds
Domain Reload Profiling:
	ReloadAssembly (3188ms)
		BeginReloadAssembly (269ms)
			ExecutionOrderSort (0ms)
			DisableScriptedObjects (45ms)
			BackupInstance (0ms)
			ReleaseScriptingObjects (0ms)
			CreateAndSetChildDomain (108ms)
		EndReloadAssembly (2816ms)
			LoadAssemblies (204ms)
			RebuildTransferFunctionScriptingTraits (0ms)
			SetupTypeCache (432ms)
			ReleaseScriptCaches (1ms)
			RebuildScriptCaches (61ms)
			SetupLoadedEditorAssemblies (1780ms)
				LogAssemblyErrors (0ms)
				InitializePlatformSupportModulesInManaged (16ms)
				SetLoadedEditorAssemblies (2ms)
				RefreshPlugins (0ms)
				BeforeProcessingInitializeOnLoad (311ms)
				ProcessInitializeOnLoadAttributes (1424ms)
				ProcessInitializeOnLoadMethodAttributes (25ms)
				AfterProcessingInitializeOnLoad (1ms)
				EditorAssembliesLoaded (0ms)
			ExecutionOrderSort2 (0ms)
			AwakeInstancesAfterBackupRestoration (51ms)
Platform modules already initialized, skipping
Refreshing native plugins compatible for Editor in 0.47 ms, found 3 plugins.
Preloading 0 native plugins for Editor in 0.00 ms.
Unloading 2437 Unused Serialized files (Serialized files now loaded: 0)
System memory in use before: 207.6 MB.
System memory in use after: 207.7 MB.

Unloading 23 unused Assets to reduce memory usage. Loaded Objects now: 2917.
Total: 3.136209 ms (FindLiveObjects: 0.460917 ms CreateObjectMapping: 0.136917 ms MarkObjects: 2.372917 ms  DeleteObjects: 0.163833 ms)

AssetImportParameters requested are different than current active one (requested -> active):
  custom:video-decoder-ogg-theora: a1e56fd34408186e4bbccfd4996cb3dc -> 
  custom:container-muxer-webm: aa71ff27fc2769a1b78a27578f13a17b -> 
  custom:container-demuxer-webm: 4f35f7cbe854078d1ac9338744f61a02 -> 
  custom:container-demuxer-ogg: 62fdf1f143b41e24485cea50d1cbac27 -> 
  custom:video-encoder-webm-vp8: eb34c28f22e8b96e1ab97ce403110664 -> 
  custom:framework-osx-AVFoundation: e770b220cccbd017edd2c1fefb359320 -> 
  custom:video-decoder-webm-vp8: 9c59270c3fd7afecdb556c50c9e8de78 -> 
  custom:audio-decoder-ogg-vorbis: bf7c407c2cedff20999df2af8eb42d56 -> 
  custom:audio-encoder-webm-vorbis: bf7c407c2cedff20999df2af8eb42d56 -> 
========================================================================
Received Prepare
Registering precompiled user dll's ...
Registered in 0.009753 seconds.
Begin MonoManager ReloadAssembly
Native extension for WindowsStandalone target not found
Native extension for OSXStandalone target not found
Refreshing native plugins compatible for Editor in 0.72 ms, found 3 plugins.
Preloading 0 native plugins for Editor in 0.00 ms.
Mono: successfully reloaded assembly
- Completed reload, in  2.900 seconds
Domain Reload Profiling:
	ReloadAssembly (2902ms)
		BeginReloadAssembly (395ms)
			ExecutionOrderSort (0ms)
			DisableScriptedObjects (92ms)
			BackupInstance (0ms)
			ReleaseScriptingObjects (1ms)
			CreateAndSetChildDomain (142ms)
		EndReloadAssembly (2402ms)
			LoadAssemblies (231ms)
			RebuildTransferFunctionScriptingTraits (0ms)
			SetupTypeCache (404ms)
			ReleaseScriptCaches (3ms)
			RebuildScriptCaches (62ms)
			SetupLoadedEditorAssemblies (1375ms)
				LogAssemblyErrors (0ms)
				InitializePlatformSupportModulesInManaged (18ms)
				SetLoadedEditorAssemblies (2ms)
				RefreshPlugins (1ms)
				BeforeProcessingInitializeOnLoad (216ms)
				ProcessInitializeOnLoadAttributes (1112ms)
				ProcessInitializeOnLoadMethodAttributes (25ms)
				AfterProcessingInitializeOnLoad (1ms)
				EditorAssembliesLoaded (0ms)
			ExecutionOrderSort2 (0ms)
			AwakeInstancesAfterBackupRestoration (54ms)
Platform modules already initialized, skipping
Refreshing native plugins compatible for Editor in 0.53 ms, found 3 plugins.
Preloading 0 native plugins for Editor in 0.00 ms.
Unloading 2437 Unused Serialized files (Serialized files now loaded: 0)
System memory in use before: 207.8 MB.
System memory in use after: 207.9 MB.

Unloading 23 unused Assets to reduce memory usage. Loaded Objects now: 2920.
Total: 1.923000 ms (FindLiveObjects: 0.207291 ms CreateObjectMapping: 0.103625 ms MarkObjects: 1.486833 ms  DeleteObjects: 0.124542 ms)

AssetImportParameters requested are different than current active one (requested -> active):
  custom:video-decoder-ogg-theora: a1e56fd34408186e4bbccfd4996cb3dc -> 
  custom:container-muxer-webm: aa71ff27fc2769a1b78a27578f13a17b -> 
  custom:container-demuxer-webm: 4f35f7cbe854078d1ac9338744f61a02 -> 
  custom:container-demuxer-ogg: 62fdf1f143b41e24485cea50d1cbac27 -> 
  custom:video-encoder-webm-vp8: eb34c28f22e8b96e1ab97ce403110664 -> 
  custom:framework-osx-AVFoundation: e770b220cccbd017edd2c1fefb359320 -> 
  custom:video-decoder-webm-vp8: 9c59270c3fd7afecdb556c50c9e8de78 -> 
  custom:audio-decoder-ogg-vorbis: bf7c407c2cedff20999df2af8eb42d56 -> 
  custom:audio-encoder-webm-vorbis: bf7c407c2cedff20999df2af8eb42d56 -> 
========================================================================
Received Prepare
Registering precompiled user dll's ...
Registered in 0.001992 seconds.
Begin MonoManager ReloadAssembly
Native extension for WindowsStandalone target not found
Native extension for OSXStandalone target not found
Refreshing native plugins compatible for Editor in 0.47 ms, found 3 plugins.
Preloading 0 native plugins for Editor in 0.00 ms.
Mono: successfully reloaded assembly
- Completed reload, in  2.719 seconds
Domain Reload Profiling:
	ReloadAssembly (2720ms)
		BeginReloadAssembly (275ms)
			ExecutionOrderSort (0ms)
			DisableScriptedObjects (45ms)
			BackupInstance (0ms)
			ReleaseScriptingObjects (0ms)
			CreateAndSetChildDomain (116ms)
		EndReloadAssembly (2288ms)
			LoadAssemblies (196ms)
			RebuildTransferFunctionScriptingTraits (0ms)
			SetupTypeCache (391ms)
			ReleaseScriptCaches (1ms)
			RebuildScriptCaches (58ms)
			SetupLoadedEditorAssemblies (1312ms)
				LogAssemblyErrors (0ms)
				InitializePlatformSupportModulesInManaged (16ms)
				SetLoadedEditorAssemblies (2ms)
				RefreshPlugins (0ms)
				BeforeProcessingInitializeOnLoad (208ms)
				ProcessInitializeOnLoadAttributes (1060ms)
				ProcessInitializeOnLoadMethodAttributes (24ms)
				AfterProcessingInitializeOnLoad (1ms)
				EditorAssembliesLoaded (0ms)
			ExecutionOrderSort2 (0ms)
			AwakeInstancesAfterBackupRestoration (47ms)
Platform modules already initialized, skipping
Refreshing native plugins compatible for Editor in 0.43 ms, found 3 plugins.
Preloading 0 native plugins for Editor in 0.00 ms.
Unloading 2437 Unused Serialized files (Serialized files now loaded: 0)
System memory in use before: 208.1 MB.
System memory in use after: 208.2 MB.

Unloading 23 unused Assets to reduce memory usage. Loaded Objects now: 2923.
Total: 2.074750 ms (FindLiveObjects: 0.157583 ms CreateObjectMapping: 0.047208 ms MarkObjects: 1.692791 ms  DeleteObjects: 0.176250 ms)

AssetImportParameters requested are different than current active one (requested -> active):
  custom:video-decoder-ogg-theora: a1e56fd34408186e4bbccfd4996cb3dc -> 
  custom:container-muxer-webm: aa71ff27fc2769a1b78a27578f13a17b -> 
  custom:container-demuxer-webm: 4f35f7cbe854078d1ac9338744f61a02 -> 
  custom:container-demuxer-ogg: 62fdf1f143b41e24485cea50d1cbac27 -> 
  custom:video-encoder-webm-vp8: eb34c28f22e8b96e1ab97ce403110664 -> 
  custom:framework-osx-AVFoundation: e770b220cccbd017edd2c1fefb359320 -> 
  custom:video-decoder-webm-vp8: 9c59270c3fd7afecdb556c50c9e8de78 -> 
  custom:audio-decoder-ogg-vorbis: bf7c407c2cedff20999df2af8eb42d56 -> 
  custom:audio-encoder-webm-vorbis: bf7c407c2cedff20999df2af8eb42d56 -> 
========================================================================
Received Prepare
Registering precompiled user dll's ...
Registered in 0.003607 seconds.
Begin MonoManager ReloadAssembly
Native extension for WindowsStandalone target not found
Native extension for OSXStandalone target not found
Refreshing native plugins compatible for Editor in 0.85 ms, found 3 plugins.
Preloading 0 native plugins for Editor in 0.00 ms.
Mono: successfully reloaded assembly
- Completed reload, in  2.627 seconds
Domain Reload Profiling:
	ReloadAssembly (2629ms)
		BeginReloadAssembly (280ms)
			ExecutionOrderSort (0ms)
			DisableScriptedObjects (44ms)
			BackupInstance (0ms)
			ReleaseScriptingObjects (0ms)
			CreateAndSetChildDomain (114ms)
		EndReloadAssembly (2249ms)
			LoadAssemblies (217ms)
			RebuildTransferFunctionScriptingTraits (0ms)
			SetupTypeCache (378ms)
			ReleaseScriptCaches (3ms)
			RebuildScriptCaches (58ms)
			SetupLoadedEditorAssemblies (1287ms)
				LogAssemblyErrors (0ms)
				InitializePlatformSupportModulesInManaged (16ms)
				SetLoadedEditorAssemblies (2ms)
				RefreshPlugins (1ms)
				BeforeProcessingInitializeOnLoad (207ms)
				ProcessInitializeOnLoadAttributes (1038ms)
				ProcessInitializeOnLoadMethodAttributes (22ms)
				AfterProcessingInitializeOnLoad (2ms)
				EditorAssembliesLoaded (0ms)
			ExecutionOrderSort2 (0ms)
			AwakeInstancesAfterBackupRestoration (54ms)
Platform modules already initialized, skipping
Refreshing native plugins compatible for Editor in 0.36 ms, found 3 plugins.
Preloading 0 native plugins for Editor in 0.00 ms.
Unloading 2437 Unused Serialized files (Serialized files now loaded: 0)
System memory in use before: 208.3 MB.
System memory in use after: 208.4 MB.

Unloading 23 unused Assets to reduce memory usage. Loaded Objects now: 2926.
Total: 1.955375 ms (FindLiveObjects: 0.204583 ms CreateObjectMapping: 0.097875 ms MarkObjects: 1.527500 ms  DeleteObjects: 0.124417 ms)

AssetImportParameters requested are different than current active one (requested -> active):
  custom:video-decoder-ogg-theora: a1e56fd34408186e4bbccfd4996cb3dc -> 
  custom:container-muxer-webm: aa71ff27fc2769a1b78a27578f13a17b -> 
  custom:container-demuxer-webm: 4f35f7cbe854078d1ac9338744f61a02 -> 
  custom:container-demuxer-ogg: 62fdf1f143b41e24485cea50d1cbac27 -> 
  custom:video-encoder-webm-vp8: eb34c28f22e8b96e1ab97ce403110664 -> 
  custom:framework-osx-AVFoundation: e770b220cccbd017edd2c1fefb359320 -> 
  custom:video-decoder-webm-vp8: 9c59270c3fd7afecdb556c50c9e8de78 -> 
  custom:audio-decoder-ogg-vorbis: bf7c407c2cedff20999df2af8eb42d56 -> 
  custom:audio-encoder-webm-vorbis: bf7c407c2cedff20999df2af8eb42d56 -> 
========================================================================
Received Prepare
Registering precompiled user dll's ...
Registered in 0.002189 seconds.
Begin MonoManager ReloadAssembly
Native extension for WindowsStandalone target not found
Native extension for OSXStandalone target not found
Refreshing native plugins compatible for Editor in 0.42 ms, found 3 plugins.
Preloading 0 native plugins for Editor in 0.00 ms.
Mono: successfully reloaded assembly
- Completed reload, in  2.499 seconds
Domain Reload Profiling:
	ReloadAssembly (2500ms)
		BeginReloadAssembly (273ms)
			ExecutionOrderSort (0ms)
			DisableScriptedObjects (45ms)
			BackupInstance (0ms)
			ReleaseScriptingObjects (0ms)
			CreateAndSetChildDomain (110ms)
		EndReloadAssembly (2129ms)
			LoadAssemblies (198ms)
			RebuildTransferFunctionScriptingTraits (0ms)
			SetupTypeCache (366ms)
			ReleaseScriptCaches (1ms)
			RebuildScriptCaches (54ms)
			SetupLoadedEditorAssemblies (1244ms)
				LogAssemblyErrors (0ms)
				InitializePlatformSupportModulesInManaged (14ms)
				SetLoadedEditorAssemblies (2ms)
				RefreshPlugins (0ms)
				BeforeProcessingInitializeOnLoad (187ms)
				ProcessInitializeOnLoadAttributes (1019ms)
				ProcessInitializeOnLoadMethodAttributes (21ms)
				AfterProcessingInitializeOnLoad (1ms)
				EditorAssembliesLoaded (0ms)
			ExecutionOrderSort2 (0ms)
			AwakeInstancesAfterBackupRestoration (42ms)
Platform modules already initialized, skipping
Refreshing native plugins compatible for Editor in 0.36 ms, found 3 plugins.
Preloading 0 native plugins for Editor in 0.00 ms.
Unloading 2437 Unused Serialized files (Serialized files now loaded: 0)
System memory in use before: 210.2 MB.
System memory in use after: 210.3 MB.

Unloading 23 unused Assets to reduce memory usage. Loaded Objects now: 2929.
Total: 1.794208 ms (FindLiveObjects: 0.150250 ms CreateObjectMapping: 0.048291 ms MarkObjects: 1.474834 ms  DeleteObjects: 0.120041 ms)

AssetImportParameters requested are different than current active one (requested -> active):
  custom:video-decoder-ogg-theora: a1e56fd34408186e4bbccfd4996cb3dc -> 
  custom:container-muxer-webm: aa71ff27fc2769a1b78a27578f13a17b -> 
  custom:container-demuxer-webm: 4f35f7cbe854078d1ac9338744f61a02 -> 
  custom:container-demuxer-ogg: 62fdf1f143b41e24485cea50d1cbac27 -> 
  custom:video-encoder-webm-vp8: eb34c28f22e8b96e1ab97ce403110664 -> 
  custom:framework-osx-AVFoundation: e770b220cccbd017edd2c1fefb359320 -> 
  custom:video-decoder-webm-vp8: 9c59270c3fd7afecdb556c50c9e8de78 -> 
  custom:audio-decoder-ogg-vorbis: bf7c407c2cedff20999df2af8eb42d56 -> 
  custom:audio-encoder-webm-vorbis: bf7c407c2cedff20999df2af8eb42d56 -> 
========================================================================
Received Prepare
Registering precompiled user dll's ...
Registered in 0.003099 seconds.
Begin MonoManager ReloadAssembly
Native extension for WindowsStandalone target not found
Native extension for OSXStandalone target not found
Refreshing native plugins compatible for Editor in 0.46 ms, found 3 plugins.
Preloading 0 native plugins for Editor in 0.00 ms.
Mono: successfully reloaded assembly
- Completed reload, in  2.754 seconds
Domain Reload Profiling:
	ReloadAssembly (2756ms)
		BeginReloadAssembly (287ms)
			ExecutionOrderSort (0ms)
			DisableScriptedObjects (46ms)
			BackupInstance (0ms)
			ReleaseScriptingObjects (0ms)
			CreateAndSetChildDomain (111ms)
		EndReloadAssembly (2342ms)
			LoadAssemblies (232ms)
			RebuildTransferFunctionScriptingTraits (0ms)
			SetupTypeCache (387ms)
			ReleaseScriptCaches (1ms)
			RebuildScriptCaches (57ms)
			SetupLoadedEditorAssemblies (1355ms)
				LogAssemblyErrors (0ms)
				InitializePlatformSupportModulesInManaged (16ms)
				SetLoadedEditorAssemblies (2ms)
				RefreshPlugins (0ms)
				BeforeProcessingInitializeOnLoad (222ms)
				ProcessInitializeOnLoadAttributes (1089ms)
				ProcessInitializeOnLoadMethodAttributes (23ms)
				AfterProcessingInitializeOnLoad (1ms)
				EditorAssembliesLoaded (0ms)
			ExecutionOrderSort2 (0ms)
			AwakeInstancesAfterBackupRestoration (60ms)
Platform modules already initialized, skipping
Refreshing native plugins compatible for Editor in 0.43 ms, found 3 plugins.
Preloading 0 native plugins for Editor in 0.00 ms.
Unloading 2437 Unused Serialized files (Serialized files now loaded: 0)
System memory in use before: 210.4 MB.
System memory in use after: 210.5 MB.

Unloading 23 unused Assets to reduce memory usage. Loaded Objects now: 2932.
Total: 1.901958 ms (FindLiveObjects: 0.206500 ms CreateObjectMapping: 0.053542 ms MarkObjects: 1.516583 ms  DeleteObjects: 0.124375 ms)

AssetImportParameters requested are different than current active one (requested -> active):
  custom:video-decoder-ogg-theora: a1e56fd34408186e4bbccfd4996cb3dc -> 
  custom:container-muxer-webm: aa71ff27fc2769a1b78a27578f13a17b -> 
  custom:container-demuxer-webm: 4f35f7cbe854078d1ac9338744f61a02 -> 
  custom:container-demuxer-ogg: 62fdf1f143b41e24485cea50d1cbac27 -> 
  custom:video-encoder-webm-vp8: eb34c28f22e8b96e1ab97ce403110664 -> 
  custom:framework-osx-AVFoundation: e770b220cccbd017edd2c1fefb359320 -> 
  custom:video-decoder-webm-vp8: 9c59270c3fd7afecdb556c50c9e8de78 -> 
  custom:audio-decoder-ogg-vorbis: bf7c407c2cedff20999df2af8eb42d56 -> 
  custom:audio-encoder-webm-vorbis: bf7c407c2cedff20999df2af8eb42d56 -> 
========================================================================
Received Prepare
Registering precompiled user dll's ...
Registered in 0.003691 seconds.
Begin MonoManager ReloadAssembly
Native extension for WindowsStandalone target not found
Native extension for OSXStandalone target not found
Refreshing native plugins compatible for Editor in 0.76 ms, found 3 plugins.
Preloading 0 native plugins for Editor in 0.00 ms.
Mono: successfully reloaded assembly
- Completed reload, in  2.720 seconds
Domain Reload Profiling:
	ReloadAssembly (2727ms)
		BeginReloadAssembly (333ms)
			ExecutionOrderSort (0ms)
			DisableScriptedObjects (92ms)
			BackupInstance (0ms)
			ReleaseScriptingObjects (0ms)
			CreateAndSetChildDomain (116ms)
		EndReloadAssembly (2291ms)
			LoadAssemblies (214ms)
			RebuildTransferFunctionScriptingTraits (0ms)
			SetupTypeCache (382ms)
			ReleaseScriptCaches (3ms)
			RebuildScriptCaches (57ms)
			SetupLoadedEditorAssemblies (1337ms)
				LogAssemblyErrors (0ms)
				InitializePlatformSupportModulesInManaged (16ms)
				SetLoadedEditorAssemblies (2ms)
				RefreshPlugins (1ms)
				BeforeProcessingInitializeOnLoad (205ms)
				ProcessInitializeOnLoadAttributes (1087ms)
				ProcessInitializeOnLoadMethodAttributes (25ms)
				AfterProcessingInitializeOnLoad (1ms)
				EditorAssembliesLoaded (0ms)
			ExecutionOrderSort2 (0ms)
			AwakeInstancesAfterBackupRestoration (46ms)
Platform modules already initialized, skipping
Refreshing native plugins compatible for Editor in 0.43 ms, found 3 plugins.
Preloading 0 native plugins for Editor in 0.00 ms.
Unloading 2437 Unused Serialized files (Serialized files now loaded: 0)
System memory in use before: 210.5 MB.
System memory in use after: 210.6 MB.

Unloading 23 unused Assets to reduce memory usage. Loaded Objects now: 2935.
Total: 2.343292 ms (FindLiveObjects: 0.261250 ms CreateObjectMapping: 0.149917 ms MarkObjects: 1.793417 ms  DeleteObjects: 0.137792 ms)

AssetImportParameters requested are different than current active one (requested -> active):
  custom:video-decoder-ogg-theora: a1e56fd34408186e4bbccfd4996cb3dc -> 
  custom:container-muxer-webm: aa71ff27fc2769a1b78a27578f13a17b -> 
  custom:container-demuxer-webm: 4f35f7cbe854078d1ac9338744f61a02 -> 
  custom:container-demuxer-ogg: 62fdf1f143b41e24485cea50d1cbac27 -> 
  custom:video-encoder-webm-vp8: eb34c28f22e8b96e1ab97ce403110664 -> 
  custom:framework-osx-AVFoundation: e770b220cccbd017edd2c1fefb359320 -> 
  custom:video-decoder-webm-vp8: 9c59270c3fd7afecdb556c50c9e8de78 -> 
  custom:audio-decoder-ogg-vorbis: bf7c407c2cedff20999df2af8eb42d56 -> 
  custom:audio-encoder-webm-vorbis: bf7c407c2cedff20999df2af8eb42d56 -> 
========================================================================
Received Prepare
Registering precompiled user dll's ...
Registered in 0.004384 seconds.
Begin MonoManager ReloadAssembly
Native extension for WindowsStandalone target not found
Native extension for OSXStandalone target not found
Refreshing native plugins compatible for Editor in 0.77 ms, found 3 plugins.
Preloading 0 native plugins for Editor in 0.00 ms.
Mono: successfully reloaded assembly
- Completed reload, in  3.179 seconds
Domain Reload Profiling:
	ReloadAssembly (3181ms)
		BeginReloadAssembly (319ms)
			ExecutionOrderSort (0ms)
			DisableScriptedObjects (57ms)
			BackupInstance (0ms)
			ReleaseScriptingObjects (0ms)
			CreateAndSetChildDomain (124ms)
		EndReloadAssembly (2750ms)
			LoadAssemblies (224ms)
			RebuildTransferFunctionScriptingTraits (0ms)
			SetupTypeCache (389ms)
			ReleaseScriptCaches (3ms)
			RebuildScriptCaches (60ms)
			SetupLoadedEditorAssemblies (1752ms)
				LogAssemblyErrors (0ms)
				InitializePlatformSupportModulesInManaged (18ms)
				SetLoadedEditorAssemblies (2ms)
				RefreshPlugins (1ms)
				BeforeProcessingInitializeOnLoad (230ms)
				ProcessInitializeOnLoadAttributes (1472ms)
				ProcessInitializeOnLoadMethodAttributes (27ms)
				AfterProcessingInitializeOnLoad (1ms)
				EditorAssembliesLoaded (0ms)
			ExecutionOrderSort2 (0ms)
			AwakeInstancesAfterBackupRestoration (47ms)
Platform modules already initialized, skipping
Refreshing native plugins compatible for Editor in 0.44 ms, found 3 plugins.
Preloading 0 native plugins for Editor in 0.00 ms.
Unloading 2437 Unused Serialized files (Serialized files now loaded: 0)
System memory in use before: 210.8 MB.
System memory in use after: 210.9 MB.

Unloading 23 unused Assets to reduce memory usage. Loaded Objects now: 2938.
Total: 2.715667 ms (FindLiveObjects: 0.217166 ms CreateObjectMapping: 0.096583 ms MarkObjects: 1.939584 ms  DeleteObjects: 0.461583 ms)

AssetImportParameters requested are different than current active one (requested -> active):
  custom:video-decoder-ogg-theora: a1e56fd34408186e4bbccfd4996cb3dc -> 
  custom:container-muxer-webm: aa71ff27fc2769a1b78a27578f13a17b -> 
  custom:container-demuxer-webm: 4f35f7cbe854078d1ac9338744f61a02 -> 
  custom:container-demuxer-ogg: 62fdf1f143b41e24485cea50d1cbac27 -> 
  custom:video-encoder-webm-vp8: eb34c28f22e8b96e1ab97ce403110664 -> 
  custom:framework-osx-AVFoundation: e770b220cccbd017edd2c1fefb359320 -> 
  custom:video-decoder-webm-vp8: 9c59270c3fd7afecdb556c50c9e8de78 -> 
  custom:audio-decoder-ogg-vorbis: bf7c407c2cedff20999df2af8eb42d56 -> 
  custom:audio-encoder-webm-vorbis: bf7c407c2cedff20999df2af8eb42d56 -> 
========================================================================
Received Prepare
Registering precompiled user dll's ...
Registered in 0.004513 seconds.
Begin MonoManager ReloadAssembly
Native extension for WindowsStandalone target not found
Native extension for OSXStandalone target not found
Refreshing native plugins compatible for Editor in 0.42 ms, found 3 plugins.
Preloading 0 native plugins for Editor in 0.00 ms.
Mono: successfully reloaded assembly
- Completed reload, in  2.732 seconds
Domain Reload Profiling:
	ReloadAssembly (2734ms)
		BeginReloadAssembly (296ms)
			ExecutionOrderSort (0ms)
			DisableScriptedObjects (50ms)
			BackupInstance (0ms)
			ReleaseScriptingObjects (0ms)
			CreateAndSetChildDomain (123ms)
		EndReloadAssembly (2330ms)
			LoadAssemblies (257ms)
			RebuildTransferFunctionScriptingTraits (0ms)
			SetupTypeCache (388ms)
			ReleaseScriptCaches (1ms)
			RebuildScriptCaches (56ms)
			SetupLoadedEditorAssemblies (1332ms)
				LogAssemblyErrors (0ms)
				InitializePlatformSupportModulesInManaged (17ms)
				SetLoadedEditorAssemblies (2ms)
				RefreshPlugins (0ms)
				BeforeProcessingInitializeOnLoad (207ms)
				ProcessInitializeOnLoadAttributes (1081ms)
				ProcessInitializeOnLoadMethodAttributes (23ms)
				AfterProcessingInitializeOnLoad (1ms)
				EditorAssembliesLoaded (0ms)
			ExecutionOrderSort2 (0ms)
			AwakeInstancesAfterBackupRestoration (45ms)
Platform modules already initialized, skipping
Refreshing native plugins compatible for Editor in 0.45 ms, found 3 plugins.
Preloading 0 native plugins for Editor in 0.00 ms.
Unloading 2437 Unused Serialized files (Serialized files now loaded: 0)
System memory in use before: 211.0 MB.
System memory in use after: 211.1 MB.

Unloading 23 unused Assets to reduce memory usage. Loaded Objects now: 2941.
Total: 1.865166 ms (FindLiveObjects: 0.177416 ms CreateObjectMapping: 0.051084 ms MarkObjects: 1.509792 ms  DeleteObjects: 0.125959 ms)

AssetImportParameters requested are different than current active one (requested -> active):
  custom:video-decoder-ogg-theora: a1e56fd34408186e4bbccfd4996cb3dc -> 
  custom:container-muxer-webm: aa71ff27fc2769a1b78a27578f13a17b -> 
  custom:container-demuxer-webm: 4f35f7cbe854078d1ac9338744f61a02 -> 
  custom:container-demuxer-ogg: 62fdf1f143b41e24485cea50d1cbac27 -> 
  custom:video-encoder-webm-vp8: eb34c28f22e8b96e1ab97ce403110664 -> 
  custom:framework-osx-AVFoundation: e770b220cccbd017edd2c1fefb359320 -> 
  custom:video-decoder-webm-vp8: 9c59270c3fd7afecdb556c50c9e8de78 -> 
  custom:audio-decoder-ogg-vorbis: bf7c407c2cedff20999df2af8eb42d56 -> 
  custom:audio-encoder-webm-vorbis: bf7c407c2cedff20999df2af8eb42d56 -> 
